This file contains any messages produced by compilers while
running configure, to aid debugging if configure makes a mistake.

It was created by google-perftools configure 1.8.3, which was
generated by GNU Autoconf 2.65.  Invocation command line was

  $ ./configure --prefix=/home/duhui/github/degobert/soft/tcmalloc/ --disable-cpu-profiler --disable-heap-profiler --disable-heap-checker --disable-debugalloc --enable-minimal

## --------- ##
## Platform. ##
## --------- ##

hostname = localhost.localdomain
uname -m = x86_64
uname -r = 2.6.32-279.el6.x86_64
uname -s = Linux
uname -v = #1 SMP Fri Jun 22 12:19:21 UTC 2012

/usr/bin/uname -p = unknown
/bin/uname -X     = unknown

/bin/arch              = x86_64
/usr/bin/arch -k       = unknown
/usr/convex/getsysinfo = unknown
/usr/bin/hostinfo      = unknown
/bin/machine           = unknown
/usr/bin/oslevel       = unknown
/bin/universe          = unknown

PATH: /usr/local/bin
PATH: /bin
PATH: /usr/bin
PATH: /usr/local/sbin
PATH: /usr/sbin
PATH: /sbin
PATH: /home/duhui/bin


## ----------- ##
## Core tests. ##
## ----------- ##

configure:2630: checking build system type
configure:2644: result: x86_64-unknown-linux-gnu
configure:2664: checking host system type
configure:2677: result: x86_64-unknown-linux-gnu
configure:2712: checking for a BSD-compatible install
configure:2780: result: /usr/bin/install -c
configure:2791: checking whether build environment is sane
configure:2828: result: yes
configure:2890: checking for gawk
configure:2906: found /bin/gawk
configure:2917: result: gawk
configure:2928: checking whether make sets $(MAKE)
configure:2950: result: yes
configure:3250: checking for gcc
configure:3266: found /usr/bin/gcc
configure:3277: result: gcc
configure:3506: checking for C compiler version
configure:3515: gcc --version >&5
gcc (GCC) 4.4.7 20120313 (Red Hat 4.4.7-4)
Copyright (C) 2010 Free Software Foundation, Inc.
This is free software; see the source for copying conditions.  There is NO
warranty; not even for MERCHANTABILITY or FITNESS FOR A PARTICULAR PURPOSE.

configure:3526: $? = 0
configure:3515: gcc -v >&5
Using built-in specs.
Target: x86_64-redhat-linux
Configured with: ../configure --prefix=/usr --mandir=/usr/share/man --infodir=/usr/share/info --with-bugurl=http://bugzilla.redhat.com/bugzilla --enable-bootstrap --enable-shared --enable-threads=posix --enable-checking=release --with-system-zlib --enable-__cxa_atexit --disable-libunwind-exceptions --enable-gnu-unique-object --enable-languages=c,c++,objc,obj-c++,java,fortran,ada --enable-java-awt=gtk --disable-dssi --with-java-home=/usr/lib/jvm/java-1.5.0-gcj-1.5.0.0/jre --enable-libgcj-multifile --enable-java-maintainer-mode --with-ecj-jar=/usr/share/java/eclipse-ecj.jar --disable-libjava-multilib --with-ppl --with-cloog --with-tune=generic --with-arch_32=i686 --build=x86_64-redhat-linux
Thread model: posix
gcc version 4.4.7 20120313 (Red Hat 4.4.7-4) (GCC) 
configure:3526: $? = 0
configure:3515: gcc -V >&5
gcc: '-V' option must have argument
configure:3526: $? = 1
configure:3515: gcc -qversion >&5
gcc: unrecognized option '-qversion'
gcc: no input files
configure:3526: $? = 1
configure:3546: checking whether the C compiler works
configure:3568: gcc    conftest.c  >&5
configure:3572: $? = 0
configure:3621: result: yes
configure:3624: checking for C compiler default output file name
configure:3626: result: a.out
configure:3632: checking for suffix of executables
configure:3639: gcc -o conftest    conftest.c  >&5
configure:3643: $? = 0
configure:3665: result: 
configure:3687: checking whether we are cross compiling
configure:3695: gcc -o conftest    conftest.c  >&5
configure:3699: $? = 0
configure:3706: ./conftest
configure:3710: $? = 0
configure:3725: result: no
configure:3730: checking for suffix of object files
configure:3752: gcc -c   conftest.c >&5
configure:3756: $? = 0
configure:3777: result: o
configure:3781: checking whether we are using the GNU C compiler
configure:3800: gcc -c   conftest.c >&5
configure:3800: $? = 0
configure:3809: result: yes
configure:3818: checking whether gcc accepts -g
configure:3838: gcc -c -g  conftest.c >&5
configure:3838: $? = 0
configure:3879: result: yes
configure:3896: checking for gcc option to accept ISO C89
configure:3960: gcc  -c -g -O2  conftest.c >&5
configure:3960: $? = 0
configure:3973: result: none needed
configure:4004: checking for style of include used by make
configure:4032: result: GNU
configure:4060: checking dependency style of gcc
configure:4150: result: gcc3
configure:4172: checking how to run the C preprocessor
configure:4203: gcc -E  conftest.c
configure:4203: $? = 0
configure:4217: gcc -E  conftest.c
conftest.c:11:28: error: ac_nonexistent.h: No such file or directory
configure:4217: $? = 1
configure: failed program was:
| /* confdefs.h */
| #define PACKAGE_NAME "google-perftools"
| #define PACKAGE_TARNAME "google-perftools"
| #define PACKAGE_VERSION "1.8.3"
| #define PACKAGE_STRING "google-perftools 1.8.3"
| #define PACKAGE_BUGREPORT "opensource@google.com"
| #define PACKAGE_URL ""
| #define PACKAGE "google-perftools"
| #define VERSION "1.8.3"
| /* end confdefs.h.  */
| #include <ac_nonexistent.h>
configure:4242: result: gcc -E
configure:4262: gcc -E  conftest.c
configure:4262: $? = 0
configure:4276: gcc -E  conftest.c
conftest.c:11:28: error: ac_nonexistent.h: No such file or directory
configure:4276: $? = 1
configure: failed program was:
| /* confdefs.h */
| #define PACKAGE_NAME "google-perftools"
| #define PACKAGE_TARNAME "google-perftools"
| #define PACKAGE_VERSION "1.8.3"
| #define PACKAGE_STRING "google-perftools 1.8.3"
| #define PACKAGE_BUGREPORT "opensource@google.com"
| #define PACKAGE_URL ""
| #define PACKAGE "google-perftools"
| #define VERSION "1.8.3"
| /* end confdefs.h.  */
| #include <ac_nonexistent.h>
configure:4362: checking for g++
configure:4378: found /usr/bin/g++
configure:4389: result: g++
configure:4416: checking for C++ compiler version
configure:4425: g++ --version >&5
g++ (GCC) 4.4.7 20120313 (Red Hat 4.4.7-4)
Copyright (C) 2010 Free Software Foundation, Inc.
This is free software; see the source for copying conditions.  There is NO
warranty; not even for MERCHANTABILITY or FITNESS FOR A PARTICULAR PURPOSE.

configure:4436: $? = 0
configure:4425: g++ -v >&5
Using built-in specs.
Target: x86_64-redhat-linux
Configured with: ../configure --prefix=/usr --mandir=/usr/share/man --infodir=/usr/share/info --with-bugurl=http://bugzilla.redhat.com/bugzilla --enable-bootstrap --enable-shared --enable-threads=posix --enable-checking=release --with-system-zlib --enable-__cxa_atexit --disable-libunwind-exceptions --enable-gnu-unique-object --enable-languages=c,c++,objc,obj-c++,java,fortran,ada --enable-java-awt=gtk --disable-dssi --with-java-home=/usr/lib/jvm/java-1.5.0-gcj-1.5.0.0/jre --enable-libgcj-multifile --enable-java-maintainer-mode --with-ecj-jar=/usr/share/java/eclipse-ecj.jar --disable-libjava-multilib --with-ppl --with-cloog --with-tune=generic --with-arch_32=i686 --build=x86_64-redhat-linux
Thread model: posix
gcc version 4.4.7 20120313 (Red Hat 4.4.7-4) (GCC) 
configure:4436: $? = 0
configure:4425: g++ -V >&5
g++: '-V' option must have argument
configure:4436: $? = 1
configure:4425: g++ -qversion >&5
g++: unrecognized option '-qversion'
g++: no input files
configure:4436: $? = 1
configure:4440: checking whether we are using the GNU C++ compiler
configure:4459: g++ -c   conftest.cpp >&5
configure:4459: $? = 0
configure:4468: result: yes
configure:4477: checking whether g++ accepts -g
configure:4497: g++ -c -g  conftest.cpp >&5
configure:4497: $? = 0
configure:4538: result: yes
configure:4563: checking dependency style of g++
configure:4653: result: gcc3
configure:4681: checking whether gcc and cc understand -c and -o together
configure:4712: gcc -c conftest.c -o conftest2.o >&5
configure:4716: $? = 0
configure:4722: gcc -c conftest.c -o conftest2.o >&5
configure:4726: $? = 0
configure:4737: cc -c conftest.c >&5
configure:4741: $? = 0
configure:4749: cc -c conftest.c -o conftest2.o >&5
configure:4753: $? = 0
configure:4759: cc -c conftest.c -o conftest2.o >&5
configure:4763: $? = 0
configure:4781: result: yes
configure:4849: checking for objcopy
configure:4865: found /usr/bin/objcopy
configure:4876: result: objcopy
configure:4900: checking if objcopy supports -W
configure:4909: gcc -o conftest -g -O2   conftest.c  >&5
configure:4909: $? = 0
configure:4921: result: yes
configure:5032: checking for a sed that does not truncate output
configure:5096: result: /bin/sed
configure:5114: checking for grep that handles long lines and -e
configure:5172: result: /bin/grep
configure:5177: checking for egrep
configure:5239: result: /bin/grep -E
configure:5244: checking for fgrep
configure:5306: result: /bin/grep -F
configure:5341: checking for ld used by gcc
configure:5408: result: /usr/bin/ld
configure:5415: checking if the linker (/usr/bin/ld) is GNU ld
configure:5430: result: yes
configure:5442: checking for BSD- or MS-compatible name lister (nm)
configure:5491: result: /usr/bin/nm -B
configure:5609: checking the name lister (/usr/bin/nm -B) interface
configure:5616: gcc -c -g -O2  conftest.c >&5
configure:5619: /usr/bin/nm -B "conftest.o"
configure:5622: output
0000000000000000 B some_variable
configure:5629: result: BSD nm
configure:5632: checking whether ln -s works
configure:5636: result: yes
configure:5644: checking the maximum length of command line arguments
configure:5764: result: 1966080
configure:5781: checking whether the shell understands some XSI constructs
configure:5791: result: yes
configure:5795: checking whether the shell understands "+="
configure:5801: result: yes
configure:5836: checking for /usr/bin/ld option to reload object files
configure:5843: result: -r
configure:5912: checking for objdump
configure:5928: found /usr/bin/objdump
configure:5939: result: objdump
configure:5971: checking how to recognize dependent libraries
configure:6167: result: pass_all
configure:6227: checking for ar
configure:6243: found /usr/bin/ar
configure:6254: result: ar
configure:6332: checking for strip
configure:6348: found /usr/bin/strip
configure:6359: result: strip
configure:6431: checking for ranlib
configure:6447: found /usr/bin/ranlib
configure:6458: result: ranlib
configure:6548: checking command to parse /usr/bin/nm -B output from gcc object
configure:6666: gcc -c -g -O2  conftest.c >&5
configure:6669: $? = 0
configure:6673: /usr/bin/nm -B conftest.o \| sed -n -e 's/^.*[	 ]\([ABCDGIRSTW][ABCDGIRSTW]*\)[	 ][	 ]*\([_A-Za-z][_A-Za-z0-9]*\)$/\1 \2 \2/p' \> conftest.nm
configure:6676: $? = 0
configure:6730: gcc -o conftest -g -O2   conftest.c conftstm.o >&5
configure:6733: $? = 0
configure:6771: result: ok
configure:6866: gcc -c -g -O2  conftest.c >&5
configure:6869: $? = 0
configure:7575: checking for ANSI C header files
configure:7595: gcc -c -g -O2  conftest.c >&5
configure:7595: $? = 0
configure:7668: gcc -o conftest -g -O2   conftest.c  >&5
configure:7668: $? = 0
configure:7668: ./conftest
configure:7668: $? = 0
configure:7679: result: yes
configure:7692: checking for sys/types.h
configure:7692: gcc -c -g -O2  conftest.c >&5
configure:7692: $? = 0
configure:7692: result: yes
configure:7692: checking for sys/stat.h
configure:7692: gcc -c -g -O2  conftest.c >&5
configure:7692: $? = 0
configure:7692: result: yes
configure:7692: checking for stdlib.h
configure:7692: gcc -c -g -O2  conftest.c >&5
configure:7692: $? = 0
configure:7692: result: yes
configure:7692: checking for string.h
configure:7692: gcc -c -g -O2  conftest.c >&5
configure:7692: $? = 0
configure:7692: result: yes
configure:7692: checking for memory.h
configure:7692: gcc -c -g -O2  conftest.c >&5
configure:7692: $? = 0
configure:7692: result: yes
configure:7692: checking for strings.h
configure:7692: gcc -c -g -O2  conftest.c >&5
configure:7692: $? = 0
configure:7692: result: yes
configure:7692: checking for inttypes.h
configure:7692: gcc -c -g -O2  conftest.c >&5
configure:7692: $? = 0
configure:7692: result: yes
configure:7692: checking for stdint.h
configure:7692: gcc -c -g -O2  conftest.c >&5
configure:7692: $? = 0
configure:7692: result: yes
configure:7692: checking for unistd.h
configure:7692: gcc -c -g -O2  conftest.c >&5
configure:7692: $? = 0
configure:7692: result: yes
configure:7707: checking for dlfcn.h
configure:7707: gcc -c -g -O2  conftest.c >&5
configure:7707: $? = 0
configure:7707: result: yes
configure:7832: checking for C++ compiler version
configure:7841: g++ --version >&5
g++ (GCC) 4.4.7 20120313 (Red Hat 4.4.7-4)
Copyright (C) 2010 Free Software Foundation, Inc.
This is free software; see the source for copying conditions.  There is NO
warranty; not even for MERCHANTABILITY or FITNESS FOR A PARTICULAR PURPOSE.

configure:7852: $? = 0
configure:7841: g++ -v >&5
Using built-in specs.
Target: x86_64-redhat-linux
Configured with: ../configure --prefix=/usr --mandir=/usr/share/man --infodir=/usr/share/info --with-bugurl=http://bugzilla.redhat.com/bugzilla --enable-bootstrap --enable-shared --enable-threads=posix --enable-checking=release --with-system-zlib --enable-__cxa_atexit --disable-libunwind-exceptions --enable-gnu-unique-object --enable-languages=c,c++,objc,obj-c++,java,fortran,ada --enable-java-awt=gtk --disable-dssi --with-java-home=/usr/lib/jvm/java-1.5.0-gcj-1.5.0.0/jre --enable-libgcj-multifile --enable-java-maintainer-mode --with-ecj-jar=/usr/share/java/eclipse-ecj.jar --disable-libjava-multilib --with-ppl --with-cloog --with-tune=generic --with-arch_32=i686 --build=x86_64-redhat-linux
Thread model: posix
gcc version 4.4.7 20120313 (Red Hat 4.4.7-4) (GCC) 
configure:7852: $? = 0
configure:7841: g++ -V >&5
g++: '-V' option must have argument
configure:7852: $? = 1
configure:7841: g++ -qversion >&5
g++: unrecognized option '-qversion'
g++: no input files
configure:7852: $? = 1
configure:7856: checking whether we are using the GNU C++ compiler
configure:7884: result: yes
configure:7893: checking whether g++ accepts -g
configure:7954: result: yes
configure:7979: checking dependency style of g++
configure:8069: result: gcc3
configure:8094: checking how to run the C++ preprocessor
configure:8121: g++ -E  conftest.cpp
configure:8121: $? = 0
configure:8135: g++ -E  conftest.cpp
conftest.cpp:22:28: error: ac_nonexistent.h: No such file or directory
configure:8135: $? = 1
configure: failed program was:
| /* confdefs.h */
| #define PACKAGE_NAME "google-perftools"
| #define PACKAGE_TARNAME "google-perftools"
| #define PACKAGE_VERSION "1.8.3"
| #define PACKAGE_STRING "google-perftools 1.8.3"
| #define PACKAGE_BUGREPORT "opensource@google.com"
| #define PACKAGE_URL ""
| #define PACKAGE "google-perftools"
| #define VERSION "1.8.3"
| #define STDC_HEADERS 1
| #define HAVE_SYS_TYPES_H 1
| #define HAVE_SYS_STAT_H 1
| #define HAVE_STDLIB_H 1
| #define HAVE_STRING_H 1
| #define HAVE_MEMORY_H 1
| #define HAVE_STRINGS_H 1
| #define HAVE_INTTYPES_H 1
| #define HAVE_STDINT_H 1
| #define HAVE_UNISTD_H 1
| #define HAVE_DLFCN_H 1
| /* end confdefs.h.  */
| #include <ac_nonexistent.h>
configure:8160: result: g++ -E
configure:8180: g++ -E  conftest.cpp
configure:8180: $? = 0
configure:8194: g++ -E  conftest.cpp
conftest.cpp:22:28: error: ac_nonexistent.h: No such file or directory
configure:8194: $? = 1
configure: failed program was:
| /* confdefs.h */
| #define PACKAGE_NAME "google-perftools"
| #define PACKAGE_TARNAME "google-perftools"
| #define PACKAGE_VERSION "1.8.3"
| #define PACKAGE_STRING "google-perftools 1.8.3"
| #define PACKAGE_BUGREPORT "opensource@google.com"
| #define PACKAGE_URL ""
| #define PACKAGE "google-perftools"
| #define VERSION "1.8.3"
| #define STDC_HEADERS 1
| #define HAVE_SYS_TYPES_H 1
| #define HAVE_SYS_STAT_H 1
| #define HAVE_STDLIB_H 1
| #define HAVE_STRING_H 1
| #define HAVE_MEMORY_H 1
| #define HAVE_STRINGS_H 1
| #define HAVE_INTTYPES_H 1
| #define HAVE_STDINT_H 1
| #define HAVE_UNISTD_H 1
| #define HAVE_DLFCN_H 1
| /* end confdefs.h.  */
| #include <ac_nonexistent.h>
configure:8371: checking for objdir
configure:8386: result: .libs
configure:8682: checking if gcc supports -fno-rtti -fno-exceptions
configure:8700: gcc -c -g -O2  -fno-rtti -fno-exceptions conftest.c >&5
cc1: warning: command line option "-fno-rtti" is valid for C++/ObjC++ but not for C
configure:8704: $? = 0
configure:8717: result: no
configure:8737: checking for gcc option to produce PIC
configure:9009: result: -fPIC -DPIC
configure:9021: checking if gcc PIC flag -fPIC -DPIC works
configure:9039: gcc -c -g -O2  -fPIC -DPIC -DPIC conftest.c >&5
configure:9043: $? = 0
configure:9056: result: yes
configure:9080: checking if gcc static flag -static works
configure:9108: result: no
configure:9123: checking if gcc supports -c -o file.o
configure:9144: gcc -c -g -O2  -o out/conftest2.o conftest.c >&5
configure:9148: $? = 0
configure:9170: result: yes
configure:9178: checking if gcc supports -c -o file.o
configure:9225: result: yes
configure:9258: checking whether the gcc linker (/usr/bin/ld -m elf_x86_64) supports shared libraries
configure:10249: result: yes
configure:10286: checking whether -lc should be explicitly linked in
configure:10291: gcc -c -g -O2  conftest.c >&5
configure:10294: $? = 0
configure:10309: gcc -shared conftest.o  -v -Wl,-soname -Wl,conftest -o conftest 2\>\&1 \| /bin/grep  -lc  \>/dev/null 2\>\&1
configure:10312: $? = 0
configure:10324: result: no
configure:10488: checking dynamic linker characteristics
configure:10921: gcc -o conftest -g -O2   -Wl,-rpath -Wl,/foo conftest.c  >&5
configure:10921: $? = 0
configure:11151: result: GNU/Linux ld.so
configure:11253: checking how to hardcode library paths into programs
configure:11278: result: immediate
configure:11798: checking whether stripping libraries is possible
configure:11803: result: yes
configure:11838: checking if libtool supports shared libraries
configure:11840: result: yes
configure:11843: checking whether to build shared libraries
configure:11864: result: yes
configure:11867: checking whether to build static libraries
configure:11871: result: yes
configure:12021: checking for ld used by g++
configure:12088: result: /usr/bin/ld -m elf_x86_64
configure:12095: checking if the linker (/usr/bin/ld -m elf_x86_64) is GNU ld
configure:12110: result: yes
configure:12165: checking whether the g++ linker (/usr/bin/ld -m elf_x86_64) supports shared libraries
configure:13078: result: yes
configure:13106: g++ -c -g -O2  conftest.cpp >&5
configure:13109: $? = 0
configure:13291: checking for g++ option to produce PIC
configure:13608: result: -fPIC -DPIC
configure:13617: checking if g++ PIC flag -fPIC -DPIC works
configure:13635: g++ -c -g -O2  -fPIC -DPIC -DPIC conftest.cpp >&5
configure:13639: $? = 0
configure:13652: result: yes
configure:13673: checking if g++ static flag -static works
configure:13701: result: no
configure:13713: checking if g++ supports -c -o file.o
configure:13734: g++ -c -g -O2  -o out/conftest2.o conftest.cpp >&5
configure:13738: $? = 0
configure:13760: result: yes
configure:13765: checking if g++ supports -c -o file.o
configure:13812: result: yes
configure:13842: checking whether the g++ linker (/usr/bin/ld -m elf_x86_64) supports shared libraries
configure:13871: result: yes
configure:14008: checking dynamic linker characteristics
configure:14389: g++ -o conftest -g -O2   -Wl,-rpath -Wl,/foo conftest.cpp  >&5
configure:14389: $? = 0
configure:14619: result: GNU/Linux ld.so
configure:14670: checking how to hardcode library paths into programs
configure:14695: result: immediate
configure:14765: checking for inline
configure:14781: gcc -c -g -O2  conftest.c >&5
configure:14781: $? = 0
configure:14789: result: inline
configure:14808: checking for __attribute__
configure:14827: gcc -c -g -O2  conftest.c >&5
configure:14827: $? = 0
configure:14841: result: yes
configure:14846: checking for ANSI C header files
configure:14950: result: yes
configure:14960: checking for __int64
configure:14960: gcc -c -g -O2  conftest.c >&5
conftest.c: In function 'main':
conftest.c:61: error: '__int64' undeclared (first use in this function)
conftest.c:61: error: (Each undeclared identifier is reported only once
conftest.c:61: error: for each function it appears in.)
configure:14960: $? = 1
configure: failed program was:
| /* confdefs.h */
| #define PACKAGE_NAME "google-perftools"
| #define PACKAGE_TARNAME "google-perftools"
| #define PACKAGE_VERSION "1.8.3"
| #define PACKAGE_STRING "google-perftools 1.8.3"
| #define PACKAGE_BUGREPORT "opensource@google.com"
| #define PACKAGE_URL ""
| #define PACKAGE "google-perftools"
| #define VERSION "1.8.3"
| #define STDC_HEADERS 1
| #define HAVE_SYS_TYPES_H 1
| #define HAVE_SYS_STAT_H 1
| #define HAVE_STDLIB_H 1
| #define HAVE_STRING_H 1
| #define HAVE_MEMORY_H 1
| #define HAVE_STRINGS_H 1
| #define HAVE_INTTYPES_H 1
| #define HAVE_STDINT_H 1
| #define HAVE_UNISTD_H 1
| #define HAVE_DLFCN_H 1
| #define LT_OBJDIR ".libs/"
| #define HAVE___ATTRIBUTE__ 1
| #define STDC_HEADERS 1
| /* end confdefs.h.  */
| #include <stdio.h>
| #ifdef HAVE_SYS_TYPES_H
| # include <sys/types.h>
| #endif
| #ifdef HAVE_SYS_STAT_H
| # include <sys/stat.h>
| #endif
| #ifdef STDC_HEADERS
| # include <stdlib.h>
| # include <stddef.h>
| #else
| # ifdef HAVE_STDLIB_H
| #  include <stdlib.h>
| # endif
| #endif
| #ifdef HAVE_STRING_H
| # if !defined STDC_HEADERS && defined HAVE_MEMORY_H
| #  include <memory.h>
| # endif
| # include <string.h>
| #endif
| #ifdef HAVE_STRINGS_H
| # include <strings.h>
| #endif
| #ifdef HAVE_INTTYPES_H
| # include <inttypes.h>
| #endif
| #ifdef HAVE_STDINT_H
| # include <stdint.h>
| #endif
| #ifdef HAVE_UNISTD_H
| # include <unistd.h>
| #endif
| int
| main ()
| {
| if (sizeof (__int64))
| 	 return 0;
|   ;
|   return 0;
| }
configure:14960: result: no
configure:14970: checking for struct mallinfo
configure:14970: gcc -c -g -O2  conftest.c >&5
configure:14970: $? = 0
configure:14970: gcc -c -g -O2  conftest.c >&5
conftest.c: In function 'main':
conftest.c:30: error: expected expression before ')' token
configure:14970: $? = 1
configure: failed program was:
| /* confdefs.h */
| #define PACKAGE_NAME "google-perftools"
| #define PACKAGE_TARNAME "google-perftools"
| #define PACKAGE_VERSION "1.8.3"
| #define PACKAGE_STRING "google-perftools 1.8.3"
| #define PACKAGE_BUGREPORT "opensource@google.com"
| #define PACKAGE_URL ""
| #define PACKAGE "google-perftools"
| #define VERSION "1.8.3"
| #define STDC_HEADERS 1
| #define HAVE_SYS_TYPES_H 1
| #define HAVE_SYS_STAT_H 1
| #define HAVE_STDLIB_H 1
| #define HAVE_STRING_H 1
| #define HAVE_MEMORY_H 1
| #define HAVE_STRINGS_H 1
| #define HAVE_INTTYPES_H 1
| #define HAVE_STDINT_H 1
| #define HAVE_UNISTD_H 1
| #define HAVE_DLFCN_H 1
| #define LT_OBJDIR ".libs/"
| #define HAVE___ATTRIBUTE__ 1
| #define STDC_HEADERS 1
| /* end confdefs.h.  */
| #include <malloc.h>
| 
| int
| main ()
| {
| if (sizeof ((struct mallinfo)))
| 	    return 0;
|   ;
|   return 0;
| }
configure:14970: result: yes
configure:14981: checking for Elf32_Versym
configure:14981: gcc -c -g -O2  conftest.c >&5
configure:14981: $? = 0
configure:14981: gcc -c -g -O2  conftest.c >&5
conftest.c: In function 'main':
conftest.c:31: error: expected expression before ')' token
configure:14981: $? = 1
configure: failed program was:
| /* confdefs.h */
| #define PACKAGE_NAME "google-perftools"
| #define PACKAGE_TARNAME "google-perftools"
| #define PACKAGE_VERSION "1.8.3"
| #define PACKAGE_STRING "google-perftools 1.8.3"
| #define PACKAGE_BUGREPORT "opensource@google.com"
| #define PACKAGE_URL ""
| #define PACKAGE "google-perftools"
| #define VERSION "1.8.3"
| #define STDC_HEADERS 1
| #define HAVE_SYS_TYPES_H 1
| #define HAVE_SYS_STAT_H 1
| #define HAVE_STDLIB_H 1
| #define HAVE_STRING_H 1
| #define HAVE_MEMORY_H 1
| #define HAVE_STRINGS_H 1
| #define HAVE_INTTYPES_H 1
| #define HAVE_STDINT_H 1
| #define HAVE_UNISTD_H 1
| #define HAVE_DLFCN_H 1
| #define LT_OBJDIR ".libs/"
| #define HAVE___ATTRIBUTE__ 1
| #define STDC_HEADERS 1
| #define HAVE_STRUCT_MALLINFO 1
| /* end confdefs.h.  */
| #include <elf.h>
| 
| int
| main ()
| {
| if (sizeof ((Elf32_Versym)))
| 	    return 0;
|   ;
|   return 0;
| }
configure:14981: result: yes
configure:14994: checking for sbrk
configure:14994: gcc -o conftest -g -O2   conftest.c  >&5
configure:14994: $? = 0
configure:14994: result: yes
configure:15005: checking for geteuid
configure:15005: gcc -o conftest -g -O2   conftest.c  >&5
configure:15005: $? = 0
configure:15005: result: yes
configure:15016: checking features.h usability
configure:15016: gcc -c -g -O2  conftest.c >&5
configure:15016: $? = 0
configure:15016: result: yes
configure:15016: checking features.h presence
configure:15016: gcc -E  conftest.c
configure:15016: $? = 0
configure:15016: result: yes
configure:15016: checking for features.h
configure:15016: result: yes
configure:15028: checking malloc.h usability
configure:15028: gcc -c -g -O2  conftest.c >&5
configure:15028: $? = 0
configure:15028: result: yes
configure:15028: checking malloc.h presence
configure:15028: gcc -E  conftest.c
configure:15028: $? = 0
configure:15028: result: yes
configure:15028: checking for malloc.h
configure:15028: result: yes
configure:15040: checking sys/malloc.h usability
configure:15040: gcc -c -g -O2  conftest.c >&5
conftest.c:64:24: error: sys/malloc.h: No such file or directory
configure:15040: $? = 1
configure: failed program was:
| /* confdefs.h */
| #define PACKAGE_NAME "google-perftools"
| #define PACKAGE_TARNAME "google-perftools"
| #define PACKAGE_VERSION "1.8.3"
| #define PACKAGE_STRING "google-perftools 1.8.3"
| #define PACKAGE_BUGREPORT "opensource@google.com"
| #define PACKAGE_URL ""
| #define PACKAGE "google-perftools"
| #define VERSION "1.8.3"
| #define STDC_HEADERS 1
| #define HAVE_SYS_TYPES_H 1
| #define HAVE_SYS_STAT_H 1
| #define HAVE_STDLIB_H 1
| #define HAVE_STRING_H 1
| #define HAVE_MEMORY_H 1
| #define HAVE_STRINGS_H 1
| #define HAVE_INTTYPES_H 1
| #define HAVE_STDINT_H 1
| #define HAVE_UNISTD_H 1
| #define HAVE_DLFCN_H 1
| #define LT_OBJDIR ".libs/"
| #define HAVE___ATTRIBUTE__ 1
| #define STDC_HEADERS 1
| #define HAVE_STRUCT_MALLINFO 1
| #define HAVE_ELF32_VERSYM 1
| #define HAVE_SBRK 1
| #define HAVE_GETEUID 1
| #define HAVE_FEATURES_H 1
| #define HAVE_MALLOC_H 1
| /* end confdefs.h.  */
| #include <stdio.h>
| #ifdef HAVE_SYS_TYPES_H
| # include <sys/types.h>
| #endif
| #ifdef HAVE_SYS_STAT_H
| # include <sys/stat.h>
| #endif
| #ifdef STDC_HEADERS
| # include <stdlib.h>
| # include <stddef.h>
| #else
| # ifdef HAVE_STDLIB_H
| #  include <stdlib.h>
| # endif
| #endif
| #ifdef HAVE_STRING_H
| # if !defined STDC_HEADERS && defined HAVE_MEMORY_H
| #  include <memory.h>
| # endif
| # include <string.h>
| #endif
| #ifdef HAVE_STRINGS_H
| # include <strings.h>
| #endif
| #ifdef HAVE_INTTYPES_H
| # include <inttypes.h>
| #endif
| #ifdef HAVE_STDINT_H
| # include <stdint.h>
| #endif
| #ifdef HAVE_UNISTD_H
| # include <unistd.h>
| #endif
| #include <sys/malloc.h>
configure:15040: result: no
configure:15040: checking sys/malloc.h presence
configure:15040: gcc -E  conftest.c
conftest.c:31:24: error: sys/malloc.h: No such file or directory
configure:15040: $? = 1
configure: failed program was:
| /* confdefs.h */
| #define PACKAGE_NAME "google-perftools"
| #define PACKAGE_TARNAME "google-perftools"
| #define PACKAGE_VERSION "1.8.3"
| #define PACKAGE_STRING "google-perftools 1.8.3"
| #define PACKAGE_BUGREPORT "opensource@google.com"
| #define PACKAGE_URL ""
| #define PACKAGE "google-perftools"
| #define VERSION "1.8.3"
| #define STDC_HEADERS 1
| #define HAVE_SYS_TYPES_H 1
| #define HAVE_SYS_STAT_H 1
| #define HAVE_STDLIB_H 1
| #define HAVE_STRING_H 1
| #define HAVE_MEMORY_H 1
| #define HAVE_STRINGS_H 1
| #define HAVE_INTTYPES_H 1
| #define HAVE_STDINT_H 1
| #define HAVE_UNISTD_H 1
| #define HAVE_DLFCN_H 1
| #define LT_OBJDIR ".libs/"
| #define HAVE___ATTRIBUTE__ 1
| #define STDC_HEADERS 1
| #define HAVE_STRUCT_MALLINFO 1
| #define HAVE_ELF32_VERSYM 1
| #define HAVE_SBRK 1
| #define HAVE_GETEUID 1
| #define HAVE_FEATURES_H 1
| #define HAVE_MALLOC_H 1
| /* end confdefs.h.  */
| #include <sys/malloc.h>
configure:15040: result: no
configure:15040: checking for sys/malloc.h
configure:15040: result: no
configure:15052: checking malloc/malloc.h usability
configure:15052: gcc -c -g -O2  conftest.c >&5
conftest.c:64:27: error: malloc/malloc.h: No such file or directory
configure:15052: $? = 1
configure: failed program was:
| /* confdefs.h */
| #define PACKAGE_NAME "google-perftools"
| #define PACKAGE_TARNAME "google-perftools"
| #define PACKAGE_VERSION "1.8.3"
| #define PACKAGE_STRING "google-perftools 1.8.3"
| #define PACKAGE_BUGREPORT "opensource@google.com"
| #define PACKAGE_URL ""
| #define PACKAGE "google-perftools"
| #define VERSION "1.8.3"
| #define STDC_HEADERS 1
| #define HAVE_SYS_TYPES_H 1
| #define HAVE_SYS_STAT_H 1
| #define HAVE_STDLIB_H 1
| #define HAVE_STRING_H 1
| #define HAVE_MEMORY_H 1
| #define HAVE_STRINGS_H 1
| #define HAVE_INTTYPES_H 1
| #define HAVE_STDINT_H 1
| #define HAVE_UNISTD_H 1
| #define HAVE_DLFCN_H 1
| #define LT_OBJDIR ".libs/"
| #define HAVE___ATTRIBUTE__ 1
| #define STDC_HEADERS 1
| #define HAVE_STRUCT_MALLINFO 1
| #define HAVE_ELF32_VERSYM 1
| #define HAVE_SBRK 1
| #define HAVE_GETEUID 1
| #define HAVE_FEATURES_H 1
| #define HAVE_MALLOC_H 1
| /* end confdefs.h.  */
| #include <stdio.h>
| #ifdef HAVE_SYS_TYPES_H
| # include <sys/types.h>
| #endif
| #ifdef HAVE_SYS_STAT_H
| # include <sys/stat.h>
| #endif
| #ifdef STDC_HEADERS
| # include <stdlib.h>
| # include <stddef.h>
| #else
| # ifdef HAVE_STDLIB_H
| #  include <stdlib.h>
| # endif
| #endif
| #ifdef HAVE_STRING_H
| # if !defined STDC_HEADERS && defined HAVE_MEMORY_H
| #  include <memory.h>
| # endif
| # include <string.h>
| #endif
| #ifdef HAVE_STRINGS_H
| # include <strings.h>
| #endif
| #ifdef HAVE_INTTYPES_H
| # include <inttypes.h>
| #endif
| #ifdef HAVE_STDINT_H
| # include <stdint.h>
| #endif
| #ifdef HAVE_UNISTD_H
| # include <unistd.h>
| #endif
| #include <malloc/malloc.h>
configure:15052: result: no
configure:15052: checking malloc/malloc.h presence
configure:15052: gcc -E  conftest.c
conftest.c:31:27: error: malloc/malloc.h: No such file or directory
configure:15052: $? = 1
configure: failed program was:
| /* confdefs.h */
| #define PACKAGE_NAME "google-perftools"
| #define PACKAGE_TARNAME "google-perftools"
| #define PACKAGE_VERSION "1.8.3"
| #define PACKAGE_STRING "google-perftools 1.8.3"
| #define PACKAGE_BUGREPORT "opensource@google.com"
| #define PACKAGE_URL ""
| #define PACKAGE "google-perftools"
| #define VERSION "1.8.3"
| #define STDC_HEADERS 1
| #define HAVE_SYS_TYPES_H 1
| #define HAVE_SYS_STAT_H 1
| #define HAVE_STDLIB_H 1
| #define HAVE_STRING_H 1
| #define HAVE_MEMORY_H 1
| #define HAVE_STRINGS_H 1
| #define HAVE_INTTYPES_H 1
| #define HAVE_STDINT_H 1
| #define HAVE_UNISTD_H 1
| #define HAVE_DLFCN_H 1
| #define LT_OBJDIR ".libs/"
| #define HAVE___ATTRIBUTE__ 1
| #define STDC_HEADERS 1
| #define HAVE_STRUCT_MALLINFO 1
| #define HAVE_ELF32_VERSYM 1
| #define HAVE_SBRK 1
| #define HAVE_GETEUID 1
| #define HAVE_FEATURES_H 1
| #define HAVE_MALLOC_H 1
| /* end confdefs.h.  */
| #include <malloc/malloc.h>
configure:15052: result: no
configure:15052: checking for malloc/malloc.h
configure:15052: result: no
configure:15064: checking glob.h usability
configure:15064: gcc -c -g -O2  conftest.c >&5
configure:15064: $? = 0
configure:15064: result: yes
configure:15064: checking glob.h presence
configure:15064: gcc -E  conftest.c
configure:15064: $? = 0
configure:15064: result: yes
configure:15064: checking for glob.h
configure:15064: result: yes
configure:15076: checking execinfo.h usability
configure:15076: gcc -c -g -O2  conftest.c >&5
configure:15076: $? = 0
configure:15076: result: yes
configure:15076: checking execinfo.h presence
configure:15076: gcc -E  conftest.c
configure:15076: $? = 0
configure:15076: result: yes
configure:15076: checking for execinfo.h
configure:15076: result: yes
configure:15088: checking libunwind.h usability
configure:15088: gcc -c -g -O2  conftest.c >&5
conftest.c:66:23: error: libunwind.h: No such file or directory
configure:15088: $? = 1
configure: failed program was:
| /* confdefs.h */
| #define PACKAGE_NAME "google-perftools"
| #define PACKAGE_TARNAME "google-perftools"
| #define PACKAGE_VERSION "1.8.3"
| #define PACKAGE_STRING "google-perftools 1.8.3"
| #define PACKAGE_BUGREPORT "opensource@google.com"
| #define PACKAGE_URL ""
| #define PACKAGE "google-perftools"
| #define VERSION "1.8.3"
| #define STDC_HEADERS 1
| #define HAVE_SYS_TYPES_H 1
| #define HAVE_SYS_STAT_H 1
| #define HAVE_STDLIB_H 1
| #define HAVE_STRING_H 1
| #define HAVE_MEMORY_H 1
| #define HAVE_STRINGS_H 1
| #define HAVE_INTTYPES_H 1
| #define HAVE_STDINT_H 1
| #define HAVE_UNISTD_H 1
| #define HAVE_DLFCN_H 1
| #define LT_OBJDIR ".libs/"
| #define HAVE___ATTRIBUTE__ 1
| #define STDC_HEADERS 1
| #define HAVE_STRUCT_MALLINFO 1
| #define HAVE_ELF32_VERSYM 1
| #define HAVE_SBRK 1
| #define HAVE_GETEUID 1
| #define HAVE_FEATURES_H 1
| #define HAVE_MALLOC_H 1
| #define HAVE_GLOB_H 1
| #define HAVE_EXECINFO_H 1
| /* end confdefs.h.  */
| #include <stdio.h>
| #ifdef HAVE_SYS_TYPES_H
| # include <sys/types.h>
| #endif
| #ifdef HAVE_SYS_STAT_H
| # include <sys/stat.h>
| #endif
| #ifdef STDC_HEADERS
| # include <stdlib.h>
| # include <stddef.h>
| #else
| # ifdef HAVE_STDLIB_H
| #  include <stdlib.h>
| # endif
| #endif
| #ifdef HAVE_STRING_H
| # if !defined STDC_HEADERS && defined HAVE_MEMORY_H
| #  include <memory.h>
| # endif
| # include <string.h>
| #endif
| #ifdef HAVE_STRINGS_H
| # include <strings.h>
| #endif
| #ifdef HAVE_INTTYPES_H
| # include <inttypes.h>
| #endif
| #ifdef HAVE_STDINT_H
| # include <stdint.h>
| #endif
| #ifdef HAVE_UNISTD_H
| # include <unistd.h>
| #endif
| #include <libunwind.h>
configure:15088: result: no
configure:15088: checking libunwind.h presence
configure:15088: gcc -E  conftest.c
conftest.c:33:23: error: libunwind.h: No such file or directory
configure:15088: $? = 1
configure: failed program was:
| /* confdefs.h */
| #define PACKAGE_NAME "google-perftools"
| #define PACKAGE_TARNAME "google-perftools"
| #define PACKAGE_VERSION "1.8.3"
| #define PACKAGE_STRING "google-perftools 1.8.3"
| #define PACKAGE_BUGREPORT "opensource@google.com"
| #define PACKAGE_URL ""
| #define PACKAGE "google-perftools"
| #define VERSION "1.8.3"
| #define STDC_HEADERS 1
| #define HAVE_SYS_TYPES_H 1
| #define HAVE_SYS_STAT_H 1
| #define HAVE_STDLIB_H 1
| #define HAVE_STRING_H 1
| #define HAVE_MEMORY_H 1
| #define HAVE_STRINGS_H 1
| #define HAVE_INTTYPES_H 1
| #define HAVE_STDINT_H 1
| #define HAVE_UNISTD_H 1
| #define HAVE_DLFCN_H 1
| #define LT_OBJDIR ".libs/"
| #define HAVE___ATTRIBUTE__ 1
| #define STDC_HEADERS 1
| #define HAVE_STRUCT_MALLINFO 1
| #define HAVE_ELF32_VERSYM 1
| #define HAVE_SBRK 1
| #define HAVE_GETEUID 1
| #define HAVE_FEATURES_H 1
| #define HAVE_MALLOC_H 1
| #define HAVE_GLOB_H 1
| #define HAVE_EXECINFO_H 1
| /* end confdefs.h.  */
| #include <libunwind.h>
configure:15088: result: no
configure:15088: checking for libunwind.h
configure:15088: result: no
configure:15100: checking unwind.h usability
configure:15100: gcc -c -g -O2  conftest.c >&5
configure:15100: $? = 0
configure:15100: result: yes
configure:15100: checking unwind.h presence
configure:15100: gcc -E  conftest.c
configure:15100: $? = 0
configure:15100: result: yes
configure:15100: checking for unwind.h
configure:15100: result: yes
configure:15112: checking sched.h usability
configure:15112: gcc -c -g -O2  conftest.c >&5
configure:15112: $? = 0
configure:15112: result: yes
configure:15112: checking sched.h presence
configure:15112: gcc -E  conftest.c
configure:15112: $? = 0
configure:15112: result: yes
configure:15112: checking for sched.h
configure:15112: result: yes
configure:15124: checking conflict-signal.h usability
configure:15124: gcc -c -g -O2  conftest.c >&5
conftest.c:68:29: error: conflict-signal.h: No such file or directory
configure:15124: $? = 1
configure: failed program was:
| /* confdefs.h */
| #define PACKAGE_NAME "google-perftools"
| #define PACKAGE_TARNAME "google-perftools"
| #define PACKAGE_VERSION "1.8.3"
| #define PACKAGE_STRING "google-perftools 1.8.3"
| #define PACKAGE_BUGREPORT "opensource@google.com"
| #define PACKAGE_URL ""
| #define PACKAGE "google-perftools"
| #define VERSION "1.8.3"
| #define STDC_HEADERS 1
| #define HAVE_SYS_TYPES_H 1
| #define HAVE_SYS_STAT_H 1
| #define HAVE_STDLIB_H 1
| #define HAVE_STRING_H 1
| #define HAVE_MEMORY_H 1
| #define HAVE_STRINGS_H 1
| #define HAVE_INTTYPES_H 1
| #define HAVE_STDINT_H 1
| #define HAVE_UNISTD_H 1
| #define HAVE_DLFCN_H 1
| #define LT_OBJDIR ".libs/"
| #define HAVE___ATTRIBUTE__ 1
| #define STDC_HEADERS 1
| #define HAVE_STRUCT_MALLINFO 1
| #define HAVE_ELF32_VERSYM 1
| #define HAVE_SBRK 1
| #define HAVE_GETEUID 1
| #define HAVE_FEATURES_H 1
| #define HAVE_MALLOC_H 1
| #define HAVE_GLOB_H 1
| #define HAVE_EXECINFO_H 1
| #define HAVE_UNWIND_H 1
| #define HAVE_SCHED_H 1
| /* end confdefs.h.  */
| #include <stdio.h>
| #ifdef HAVE_SYS_TYPES_H
| # include <sys/types.h>
| #endif
| #ifdef HAVE_SYS_STAT_H
| # include <sys/stat.h>
| #endif
| #ifdef STDC_HEADERS
| # include <stdlib.h>
| # include <stddef.h>
| #else
| # ifdef HAVE_STDLIB_H
| #  include <stdlib.h>
| # endif
| #endif
| #ifdef HAVE_STRING_H
| # if !defined STDC_HEADERS && defined HAVE_MEMORY_H
| #  include <memory.h>
| # endif
| # include <string.h>
| #endif
| #ifdef HAVE_STRINGS_H
| # include <strings.h>
| #endif
| #ifdef HAVE_INTTYPES_H
| # include <inttypes.h>
| #endif
| #ifdef HAVE_STDINT_H
| # include <stdint.h>
| #endif
| #ifdef HAVE_UNISTD_H
| # include <unistd.h>
| #endif
| #include <conflict-signal.h>
configure:15124: result: no
configure:15124: checking conflict-signal.h presence
configure:15124: gcc -E  conftest.c
conftest.c:35:29: error: conflict-signal.h: No such file or directory
configure:15124: $? = 1
configure: failed program was:
| /* confdefs.h */
| #define PACKAGE_NAME "google-perftools"
| #define PACKAGE_TARNAME "google-perftools"
| #define PACKAGE_VERSION "1.8.3"
| #define PACKAGE_STRING "google-perftools 1.8.3"
| #define PACKAGE_BUGREPORT "opensource@google.com"
| #define PACKAGE_URL ""
| #define PACKAGE "google-perftools"
| #define VERSION "1.8.3"
| #define STDC_HEADERS 1
| #define HAVE_SYS_TYPES_H 1
| #define HAVE_SYS_STAT_H 1
| #define HAVE_STDLIB_H 1
| #define HAVE_STRING_H 1
| #define HAVE_MEMORY_H 1
| #define HAVE_STRINGS_H 1
| #define HAVE_INTTYPES_H 1
| #define HAVE_STDINT_H 1
| #define HAVE_UNISTD_H 1
| #define HAVE_DLFCN_H 1
| #define LT_OBJDIR ".libs/"
| #define HAVE___ATTRIBUTE__ 1
| #define STDC_HEADERS 1
| #define HAVE_STRUCT_MALLINFO 1
| #define HAVE_ELF32_VERSYM 1
| #define HAVE_SBRK 1
| #define HAVE_GETEUID 1
| #define HAVE_FEATURES_H 1
| #define HAVE_MALLOC_H 1
| #define HAVE_GLOB_H 1
| #define HAVE_EXECINFO_H 1
| #define HAVE_UNWIND_H 1
| #define HAVE_SCHED_H 1
| /* end confdefs.h.  */
| #include <conflict-signal.h>
configure:15124: result: no
configure:15124: checking for conflict-signal.h
configure:15124: result: no
configure:15136: checking sys/prctl.h usability
configure:15136: gcc -c -g -O2  conftest.c >&5
configure:15136: $? = 0
configure:15136: result: yes
configure:15136: checking sys/prctl.h presence
configure:15136: gcc -E  conftest.c
configure:15136: $? = 0
configure:15136: result: yes
configure:15136: checking for sys/prctl.h
configure:15136: result: yes
configure:15148: checking linux/ptrace.h usability
configure:15148: gcc -c -g -O2  conftest.c >&5
configure:15148: $? = 0
configure:15148: result: yes
configure:15148: checking linux/ptrace.h presence
configure:15148: gcc -E  conftest.c
configure:15148: $? = 0
configure:15148: result: yes
configure:15148: checking for linux/ptrace.h
configure:15148: result: yes
configure:15160: checking sys/syscall.h usability
configure:15160: gcc -c -g -O2  conftest.c >&5
configure:15160: $? = 0
configure:15160: result: yes
configure:15160: checking sys/syscall.h presence
configure:15160: gcc -E  conftest.c
configure:15160: $? = 0
configure:15160: result: yes
configure:15160: checking for sys/syscall.h
configure:15160: result: yes
configure:15172: checking sys/socket.h usability
configure:15172: gcc -c -g -O2  conftest.c >&5
configure:15172: $? = 0
configure:15172: result: yes
configure:15172: checking sys/socket.h presence
configure:15172: gcc -E  conftest.c
configure:15172: $? = 0
configure:15172: result: yes
configure:15172: checking for sys/socket.h
configure:15172: result: yes
configure:15184: checking sys/wait.h usability
configure:15184: gcc -c -g -O2  conftest.c >&5
configure:15184: $? = 0
configure:15184: result: yes
configure:15184: checking sys/wait.h presence
configure:15184: gcc -E  conftest.c
configure:15184: $? = 0
configure:15184: result: yes
configure:15184: checking for sys/wait.h
configure:15184: result: yes
configure:15196: checking poll.h usability
configure:15196: gcc -c -g -O2  conftest.c >&5
configure:15196: $? = 0
configure:15196: result: yes
configure:15196: checking poll.h presence
configure:15196: gcc -E  conftest.c
configure:15196: $? = 0
configure:15196: result: yes
configure:15196: checking for poll.h
configure:15196: result: yes
configure:15208: checking fcntl.h usability
configure:15208: gcc -c -g -O2  conftest.c >&5
configure:15208: $? = 0
configure:15208: result: yes
configure:15208: checking fcntl.h presence
configure:15208: gcc -E  conftest.c
configure:15208: $? = 0
configure:15208: result: yes
configure:15208: checking for fcntl.h
configure:15208: result: yes
configure:15220: checking grp.h usability
configure:15220: gcc -c -g -O2  conftest.c >&5
configure:15220: $? = 0
configure:15220: result: yes
configure:15220: checking grp.h presence
configure:15220: gcc -E  conftest.c
configure:15220: $? = 0
configure:15220: result: yes
configure:15220: checking for grp.h
configure:15220: result: yes
configure:15232: checking pwd.h usability
configure:15232: gcc -c -g -O2  conftest.c >&5
configure:15232: $? = 0
configure:15232: result: yes
configure:15232: checking pwd.h presence
configure:15232: gcc -E  conftest.c
configure:15232: $? = 0
configure:15232: result: yes
configure:15232: checking for pwd.h
configure:15232: result: yes
configure:15244: checking sys/resource.h usability
configure:15244: gcc -c -g -O2  conftest.c >&5
configure:15244: $? = 0
configure:15244: result: yes
configure:15244: checking sys/resource.h presence
configure:15244: gcc -E  conftest.c
configure:15244: $? = 0
configure:15244: result: yes
configure:15244: checking for sys/resource.h
configure:15244: result: yes
configure:15256: checking valgrind.h usability
configure:15256: gcc -c -g -O2  conftest.c >&5
conftest.c:78:22: error: valgrind.h: No such file or directory
configure:15256: $? = 1
configure: failed program was:
| /* confdefs.h */
| #define PACKAGE_NAME "google-perftools"
| #define PACKAGE_TARNAME "google-perftools"
| #define PACKAGE_VERSION "1.8.3"
| #define PACKAGE_STRING "google-perftools 1.8.3"
| #define PACKAGE_BUGREPORT "opensource@google.com"
| #define PACKAGE_URL ""
| #define PACKAGE "google-perftools"
| #define VERSION "1.8.3"
| #define STDC_HEADERS 1
| #define HAVE_SYS_TYPES_H 1
| #define HAVE_SYS_STAT_H 1
| #define HAVE_STDLIB_H 1
| #define HAVE_STRING_H 1
| #define HAVE_MEMORY_H 1
| #define HAVE_STRINGS_H 1
| #define HAVE_INTTYPES_H 1
| #define HAVE_STDINT_H 1
| #define HAVE_UNISTD_H 1
| #define HAVE_DLFCN_H 1
| #define LT_OBJDIR ".libs/"
| #define HAVE___ATTRIBUTE__ 1
| #define STDC_HEADERS 1
| #define HAVE_STRUCT_MALLINFO 1
| #define HAVE_ELF32_VERSYM 1
| #define HAVE_SBRK 1
| #define HAVE_GETEUID 1
| #define HAVE_FEATURES_H 1
| #define HAVE_MALLOC_H 1
| #define HAVE_GLOB_H 1
| #define HAVE_EXECINFO_H 1
| #define HAVE_UNWIND_H 1
| #define HAVE_SCHED_H 1
| #define HAVE_SYS_PRCTL_H 1
| #define HAVE_LINUX_PTRACE_H 1
| #define HAVE_SYS_SYSCALL_H 1
| #define HAVE_SYS_SOCKET_H 1
| #define HAVE_SYS_WAIT_H 1
| #define HAVE_POLL_H 1
| #define HAVE_FCNTL_H 1
| #define HAVE_GRP_H 1
| #define HAVE_PWD_H 1
| #define HAVE_SYS_RESOURCE_H 1
| /* end confdefs.h.  */
| #include <stdio.h>
| #ifdef HAVE_SYS_TYPES_H
| # include <sys/types.h>
| #endif
| #ifdef HAVE_SYS_STAT_H
| # include <sys/stat.h>
| #endif
| #ifdef STDC_HEADERS
| # include <stdlib.h>
| # include <stddef.h>
| #else
| # ifdef HAVE_STDLIB_H
| #  include <stdlib.h>
| # endif
| #endif
| #ifdef HAVE_STRING_H
| # if !defined STDC_HEADERS && defined HAVE_MEMORY_H
| #  include <memory.h>
| # endif
| # include <string.h>
| #endif
| #ifdef HAVE_STRINGS_H
| # include <strings.h>
| #endif
| #ifdef HAVE_INTTYPES_H
| # include <inttypes.h>
| #endif
| #ifdef HAVE_STDINT_H
| # include <stdint.h>
| #endif
| #ifdef HAVE_UNISTD_H
| # include <unistd.h>
| #endif
| #include <valgrind.h>
configure:15256: result: no
configure:15256: checking valgrind.h presence
configure:15256: gcc -E  conftest.c
conftest.c:45:22: error: valgrind.h: No such file or directory
configure:15256: $? = 1
configure: failed program was:
| /* confdefs.h */
| #define PACKAGE_NAME "google-perftools"
| #define PACKAGE_TARNAME "google-perftools"
| #define PACKAGE_VERSION "1.8.3"
| #define PACKAGE_STRING "google-perftools 1.8.3"
| #define PACKAGE_BUGREPORT "opensource@google.com"
| #define PACKAGE_URL ""
| #define PACKAGE "google-perftools"
| #define VERSION "1.8.3"
| #define STDC_HEADERS 1
| #define HAVE_SYS_TYPES_H 1
| #define HAVE_SYS_STAT_H 1
| #define HAVE_STDLIB_H 1
| #define HAVE_STRING_H 1
| #define HAVE_MEMORY_H 1
| #define HAVE_STRINGS_H 1
| #define HAVE_INTTYPES_H 1
| #define HAVE_STDINT_H 1
| #define HAVE_UNISTD_H 1
| #define HAVE_DLFCN_H 1
| #define LT_OBJDIR ".libs/"
| #define HAVE___ATTRIBUTE__ 1
| #define STDC_HEADERS 1
| #define HAVE_STRUCT_MALLINFO 1
| #define HAVE_ELF32_VERSYM 1
| #define HAVE_SBRK 1
| #define HAVE_GETEUID 1
| #define HAVE_FEATURES_H 1
| #define HAVE_MALLOC_H 1
| #define HAVE_GLOB_H 1
| #define HAVE_EXECINFO_H 1
| #define HAVE_UNWIND_H 1
| #define HAVE_SCHED_H 1
| #define HAVE_SYS_PRCTL_H 1
| #define HAVE_LINUX_PTRACE_H 1
| #define HAVE_SYS_SYSCALL_H 1
| #define HAVE_SYS_SOCKET_H 1
| #define HAVE_SYS_WAIT_H 1
| #define HAVE_POLL_H 1
| #define HAVE_FCNTL_H 1
| #define HAVE_GRP_H 1
| #define HAVE_PWD_H 1
| #define HAVE_SYS_RESOURCE_H 1
| /* end confdefs.h.  */
| #include <valgrind.h>
configure:15256: result: no
configure:15256: checking for valgrind.h
configure:15256: result: no
configure:15268: checking sys/cdefs.h usability
configure:15268: gcc -c -g -O2  conftest.c >&5
configure:15268: $? = 0
configure:15268: result: yes
configure:15268: checking sys/cdefs.h presence
configure:15268: gcc -E  conftest.c
configure:15268: $? = 0
configure:15268: result: yes
configure:15268: checking for sys/cdefs.h
configure:15268: result: yes
configure:15280: checking for features.h
configure:15280: result: yes
configure:15295: checking whether cfree is declared
configure:15295: gcc -c -g -O2  conftest.c >&5
configure:15295: $? = 0
configure:15295: result: yes
configure:15308: checking whether posix_memalign is declared
configure:15308: gcc -c -g -O2  conftest.c >&5
configure:15308: $? = 0
configure:15308: result: yes
configure:15321: checking whether memalign is declared
configure:15321: gcc -c -g -O2  conftest.c >&5
configure:15321: $? = 0
configure:15321: result: yes
configure:15334: checking whether valloc is declared
configure:15334: gcc -c -g -O2  conftest.c >&5
configure:15334: $? = 0
configure:15334: result: yes
configure:15347: checking whether pvalloc is declared
configure:15347: gcc -c -g -O2  conftest.c >&5
configure:15347: $? = 0
configure:15347: result: yes
configure:15388: checking for stdlib.h
configure:15388: result: yes
configure:15388: checking for unistd.h
configure:15388: result: yes
configure:15388: checking for sys/param.h
configure:15388: gcc -c -g -O2  conftest.c >&5
configure:15388: $? = 0
configure:15388: result: yes
configure:15409: checking for getpagesize
configure:15409: gcc -o conftest -g -O2   conftest.c  >&5
configure:15409: $? = 0
configure:15409: result: yes
configure:15418: checking for working mmap
configure:15565: gcc -o conftest -g -O2   conftest.c  >&5
configure:15565: $? = 0
configure:15565: ./conftest
configure:15565: $? = 0
configure:15575: result: yes
configure:15589: checking if int32_t is the same type as intptr_t
configure:15602: gcc -c -g -O2  conftest.c >&5
conftest.c: In function 'main':
conftest.c:61: error: invalid operands to binary - (have 'int32_t *' and 'intptr_t *')
configure:15602: $? = 1
configure: failed program was:
| /* confdefs.h */
| #define PACKAGE_NAME "google-perftools"
| #define PACKAGE_TARNAME "google-perftools"
| #define PACKAGE_VERSION "1.8.3"
| #define PACKAGE_STRING "google-perftools 1.8.3"
| #define PACKAGE_BUGREPORT "opensource@google.com"
| #define PACKAGE_URL ""
| #define PACKAGE "google-perftools"
| #define VERSION "1.8.3"
| #define STDC_HEADERS 1
| #define HAVE_SYS_TYPES_H 1
| #define HAVE_SYS_STAT_H 1
| #define HAVE_STDLIB_H 1
| #define HAVE_STRING_H 1
| #define HAVE_MEMORY_H 1
| #define HAVE_STRINGS_H 1
| #define HAVE_INTTYPES_H 1
| #define HAVE_STDINT_H 1
| #define HAVE_UNISTD_H 1
| #define HAVE_DLFCN_H 1
| #define LT_OBJDIR ".libs/"
| #define HAVE___ATTRIBUTE__ 1
| #define STDC_HEADERS 1
| #define HAVE_STRUCT_MALLINFO 1
| #define HAVE_ELF32_VERSYM 1
| #define HAVE_SBRK 1
| #define HAVE_GETEUID 1
| #define HAVE_FEATURES_H 1
| #define HAVE_MALLOC_H 1
| #define HAVE_GLOB_H 1
| #define HAVE_EXECINFO_H 1
| #define HAVE_UNWIND_H 1
| #define HAVE_SCHED_H 1
| #define HAVE_SYS_PRCTL_H 1
| #define HAVE_LINUX_PTRACE_H 1
| #define HAVE_SYS_SYSCALL_H 1
| #define HAVE_SYS_SOCKET_H 1
| #define HAVE_SYS_WAIT_H 1
| #define HAVE_POLL_H 1
| #define HAVE_FCNTL_H 1
| #define HAVE_GRP_H 1
| #define HAVE_PWD_H 1
| #define HAVE_SYS_RESOURCE_H 1
| #define HAVE_SYS_CDEFS_H 1
| #define HAVE_FEATURES_H 1
| #define HAVE_DECL_CFREE 1
| #define HAVE_DECL_POSIX_MEMALIGN 1
| #define HAVE_DECL_MEMALIGN 1
| #define HAVE_DECL_VALLOC 1
| #define HAVE_DECL_PVALLOC 1
| #define HAVE_STDLIB_H 1
| #define HAVE_UNISTD_H 1
| #define HAVE_SYS_PARAM_H 1
| #define HAVE_GETPAGESIZE 1
| #define HAVE_MMAP 1
| /* end confdefs.h.  */
| #include <stdint.h>
| int
| main ()
| {
| int32_t v1 = 0; intptr_t v2 = 0; return (&v1 - &v2)
|   ;
|   return 0;
| }
configure:15609: result: no
configure:15838: checking for backtrace in -lunwind
configure:15863: gcc -o conftest -g -O2   conftest.c -lunwind   >&5
/usr/bin/ld: cannot find -lunwind
collect2: ld returned 1 exit status
configure:15863: $? = 1
configure: failed program was:
| /* confdefs.h */
| #define PACKAGE_NAME "google-perftools"
| #define PACKAGE_TARNAME "google-perftools"
| #define PACKAGE_VERSION "1.8.3"
| #define PACKAGE_STRING "google-perftools 1.8.3"
| #define PACKAGE_BUGREPORT "opensource@google.com"
| #define PACKAGE_URL ""
| #define PACKAGE "google-perftools"
| #define VERSION "1.8.3"
| #define STDC_HEADERS 1
| #define HAVE_SYS_TYPES_H 1
| #define HAVE_SYS_STAT_H 1
| #define HAVE_STDLIB_H 1
| #define HAVE_STRING_H 1
| #define HAVE_MEMORY_H 1
| #define HAVE_STRINGS_H 1
| #define HAVE_INTTYPES_H 1
| #define HAVE_STDINT_H 1
| #define HAVE_UNISTD_H 1
| #define HAVE_DLFCN_H 1
| #define LT_OBJDIR ".libs/"
| #define HAVE___ATTRIBUTE__ 1
| #define STDC_HEADERS 1
| #define HAVE_STRUCT_MALLINFO 1
| #define HAVE_ELF32_VERSYM 1
| #define HAVE_SBRK 1
| #define HAVE_GETEUID 1
| #define HAVE_FEATURES_H 1
| #define HAVE_MALLOC_H 1
| #define HAVE_GLOB_H 1
| #define HAVE_EXECINFO_H 1
| #define HAVE_UNWIND_H 1
| #define HAVE_SCHED_H 1
| #define HAVE_SYS_PRCTL_H 1
| #define HAVE_LINUX_PTRACE_H 1
| #define HAVE_SYS_SYSCALL_H 1
| #define HAVE_SYS_SOCKET_H 1
| #define HAVE_SYS_WAIT_H 1
| #define HAVE_POLL_H 1
| #define HAVE_FCNTL_H 1
| #define HAVE_GRP_H 1
| #define HAVE_PWD_H 1
| #define HAVE_SYS_RESOURCE_H 1
| #define HAVE_SYS_CDEFS_H 1
| #define HAVE_FEATURES_H 1
| #define HAVE_DECL_CFREE 1
| #define HAVE_DECL_POSIX_MEMALIGN 1
| #define HAVE_DECL_MEMALIGN 1
| #define HAVE_DECL_VALLOC 1
| #define HAVE_DECL_PVALLOC 1
| #define HAVE_STDLIB_H 1
| #define HAVE_UNISTD_H 1
| #define HAVE_SYS_PARAM_H 1
| #define HAVE_GETPAGESIZE 1
| #define HAVE_MMAP 1
| /* end confdefs.h.  */
| 
| /* Override any GCC internal prototype to avoid an error.
|    Use char because int might match the return type of a GCC
|    builtin and then its argument prototype would still apply.  */
| #ifdef __cplusplus
| extern "C"
| #endif
| char backtrace ();
| int
| main ()
| {
| return backtrace ();
|   ;
|   return 0;
| }
configure:15872: result: no
configure:15916: gcc -c -g -O2  conftest.c >&5
configure:15916: $? = 0
configure:15937: gcc -c -g -O2 -S -O2 -o fp.s  conftest.c >&5
configure:15937: $? = 0
configure: failed program was:
| /* confdefs.h */
| #define PACKAGE_NAME "google-perftools"
| #define PACKAGE_TARNAME "google-perftools"
| #define PACKAGE_VERSION "1.8.3"
| #define PACKAGE_STRING "google-perftools 1.8.3"
| #define PACKAGE_BUGREPORT "opensource@google.com"
| #define PACKAGE_URL ""
| #define PACKAGE "google-perftools"
| #define VERSION "1.8.3"
| #define STDC_HEADERS 1
| #define HAVE_SYS_TYPES_H 1
| #define HAVE_SYS_STAT_H 1
| #define HAVE_STDLIB_H 1
| #define HAVE_STRING_H 1
| #define HAVE_MEMORY_H 1
| #define HAVE_STRINGS_H 1
| #define HAVE_INTTYPES_H 1
| #define HAVE_STDINT_H 1
| #define HAVE_UNISTD_H 1
| #define HAVE_DLFCN_H 1
| #define LT_OBJDIR ".libs/"
| #define HAVE___ATTRIBUTE__ 1
| #define STDC_HEADERS 1
| #define HAVE_STRUCT_MALLINFO 1
| #define HAVE_ELF32_VERSYM 1
| #define HAVE_SBRK 1
| #define HAVE_GETEUID 1
| #define HAVE_FEATURES_H 1
| #define HAVE_MALLOC_H 1
| #define HAVE_GLOB_H 1
| #define HAVE_EXECINFO_H 1
| #define HAVE_UNWIND_H 1
| #define HAVE_SCHED_H 1
| #define HAVE_SYS_PRCTL_H 1
| #define HAVE_LINUX_PTRACE_H 1
| #define HAVE_SYS_SYSCALL_H 1
| #define HAVE_SYS_SOCKET_H 1
| #define HAVE_SYS_WAIT_H 1
| #define HAVE_POLL_H 1
| #define HAVE_FCNTL_H 1
| #define HAVE_GRP_H 1
| #define HAVE_PWD_H 1
| #define HAVE_SYS_RESOURCE_H 1
| #define HAVE_SYS_CDEFS_H 1
| #define HAVE_FEATURES_H 1
| #define HAVE_DECL_CFREE 1
| #define HAVE_DECL_POSIX_MEMALIGN 1
| #define HAVE_DECL_MEMALIGN 1
| #define HAVE_DECL_VALLOC 1
| #define HAVE_DECL_PVALLOC 1
| #define HAVE_STDLIB_H 1
| #define HAVE_UNISTD_H 1
| #define HAVE_SYS_PARAM_H 1
| #define HAVE_GETPAGESIZE 1
| #define HAVE_MMAP 1
| /* end confdefs.h.  */
| int f(int x) {return x;}
| int
| main ()
| {
| return f(0);
|   ;
|   return 0;
| }
configure:15960: checking if the compiler supports -Wno-unused-result
configure:15982: gcc -c -g -O2 -Wno-error -Wno-unused-result  conftest.c >&5
conftest.c: In function 'main':
conftest.c:61: warning: division by zero
At top level:
cc1: warning: unrecognized command line option "-Wno-unused-result"
configure:15982: $? = 0
configure:15990: result: yes
configure:16004: checking printf format code for printing a size_t and ssize_t
configure:16020: gcc -c -g -O2  conftest.c >&5
conftest.c: In function 'main':
conftest.c:61: error: invalid operands to binary - (have 'unsigned int *' and 'size_t *')
configure:16020: $? = 1
configure: failed program was:
| /* confdefs.h */
| #define PACKAGE_NAME "google-perftools"
| #define PACKAGE_TARNAME "google-perftools"
| #define PACKAGE_VERSION "1.8.3"
| #define PACKAGE_STRING "google-perftools 1.8.3"
| #define PACKAGE_BUGREPORT "opensource@google.com"
| #define PACKAGE_URL ""
| #define PACKAGE "google-perftools"
| #define VERSION "1.8.3"
| #define STDC_HEADERS 1
| #define HAVE_SYS_TYPES_H 1
| #define HAVE_SYS_STAT_H 1
| #define HAVE_STDLIB_H 1
| #define HAVE_STRING_H 1
| #define HAVE_MEMORY_H 1
| #define HAVE_STRINGS_H 1
| #define HAVE_INTTYPES_H 1
| #define HAVE_STDINT_H 1
| #define HAVE_UNISTD_H 1
| #define HAVE_DLFCN_H 1
| #define LT_OBJDIR ".libs/"
| #define HAVE___ATTRIBUTE__ 1
| #define STDC_HEADERS 1
| #define HAVE_STRUCT_MALLINFO 1
| #define HAVE_ELF32_VERSYM 1
| #define HAVE_SBRK 1
| #define HAVE_GETEUID 1
| #define HAVE_FEATURES_H 1
| #define HAVE_MALLOC_H 1
| #define HAVE_GLOB_H 1
| #define HAVE_EXECINFO_H 1
| #define HAVE_UNWIND_H 1
| #define HAVE_SCHED_H 1
| #define HAVE_SYS_PRCTL_H 1
| #define HAVE_LINUX_PTRACE_H 1
| #define HAVE_SYS_SYSCALL_H 1
| #define HAVE_SYS_SOCKET_H 1
| #define HAVE_SYS_WAIT_H 1
| #define HAVE_POLL_H 1
| #define HAVE_FCNTL_H 1
| #define HAVE_GRP_H 1
| #define HAVE_PWD_H 1
| #define HAVE_SYS_RESOURCE_H 1
| #define HAVE_SYS_CDEFS_H 1
| #define HAVE_FEATURES_H 1
| #define HAVE_DECL_CFREE 1
| #define HAVE_DECL_POSIX_MEMALIGN 1
| #define HAVE_DECL_MEMALIGN 1
| #define HAVE_DECL_VALLOC 1
| #define HAVE_DECL_PVALLOC 1
| #define HAVE_STDLIB_H 1
| #define HAVE_UNISTD_H 1
| #define HAVE_SYS_PARAM_H 1
| #define HAVE_GETPAGESIZE 1
| #define HAVE_MMAP 1
| /* end confdefs.h.  */
| #include <stddef.h>
| int
| main ()
| {
| unsigned int v1 = 0; size_t v2 = 0; return (&v1 - &v2)
|   ;
|   return 0;
| }
configure:16035: gcc -c -g -O2  conftest.c >&5
configure:16035: $? = 0
configure:16050: gcc -c -g -O2  conftest.c >&5
conftest.c: In function 'main':
conftest.c:61: error: invalid operands to binary - (have 'long long unsigned int *' and 'size_t *')
configure:16050: $? = 1
configure: failed program was:
| /* confdefs.h */
| #define PACKAGE_NAME "google-perftools"
| #define PACKAGE_TARNAME "google-perftools"
| #define PACKAGE_VERSION "1.8.3"
| #define PACKAGE_STRING "google-perftools 1.8.3"
| #define PACKAGE_BUGREPORT "opensource@google.com"
| #define PACKAGE_URL ""
| #define PACKAGE "google-perftools"
| #define VERSION "1.8.3"
| #define STDC_HEADERS 1
| #define HAVE_SYS_TYPES_H 1
| #define HAVE_SYS_STAT_H 1
| #define HAVE_STDLIB_H 1
| #define HAVE_STRING_H 1
| #define HAVE_MEMORY_H 1
| #define HAVE_STRINGS_H 1
| #define HAVE_INTTYPES_H 1
| #define HAVE_STDINT_H 1
| #define HAVE_UNISTD_H 1
| #define HAVE_DLFCN_H 1
| #define LT_OBJDIR ".libs/"
| #define HAVE___ATTRIBUTE__ 1
| #define STDC_HEADERS 1
| #define HAVE_STRUCT_MALLINFO 1
| #define HAVE_ELF32_VERSYM 1
| #define HAVE_SBRK 1
| #define HAVE_GETEUID 1
| #define HAVE_FEATURES_H 1
| #define HAVE_MALLOC_H 1
| #define HAVE_GLOB_H 1
| #define HAVE_EXECINFO_H 1
| #define HAVE_UNWIND_H 1
| #define HAVE_SCHED_H 1
| #define HAVE_SYS_PRCTL_H 1
| #define HAVE_LINUX_PTRACE_H 1
| #define HAVE_SYS_SYSCALL_H 1
| #define HAVE_SYS_SOCKET_H 1
| #define HAVE_SYS_WAIT_H 1
| #define HAVE_POLL_H 1
| #define HAVE_FCNTL_H 1
| #define HAVE_GRP_H 1
| #define HAVE_PWD_H 1
| #define HAVE_SYS_RESOURCE_H 1
| #define HAVE_SYS_CDEFS_H 1
| #define HAVE_FEATURES_H 1
| #define HAVE_DECL_CFREE 1
| #define HAVE_DECL_POSIX_MEMALIGN 1
| #define HAVE_DECL_MEMALIGN 1
| #define HAVE_DECL_VALLOC 1
| #define HAVE_DECL_PVALLOC 1
| #define HAVE_STDLIB_H 1
| #define HAVE_UNISTD_H 1
| #define HAVE_SYS_PARAM_H 1
| #define HAVE_GETPAGESIZE 1
| #define HAVE_MMAP 1
| /* end confdefs.h.  */
| #include <stddef.h>
| int
| main ()
| {
| unsigned long long v1 = 0; size_t v2 = 0; return (&v1 - &v2)
|   ;
|   return 0;
| }
configure:16056: result: l
configure:16083: checking for __builtin_stack_pointer()
configure:16096: gcc -o conftest -g -O2   conftest.c  >&5
conftest.c: In function 'main':
conftest.c:65: warning: initialization makes pointer from integer without a cast
/tmp/ccqV7pxF.o: In function `main':
/home/duhui/github/degobert/soft/google-perftools-1.8.3/conftest.c:64: undefined reference to `__builtin_stack_pointer'
collect2: ld returned 1 exit status
configure:16096: $? = 1
configure: failed program was:
| /* confdefs.h */
| #define PACKAGE_NAME "google-perftools"
| #define PACKAGE_TARNAME "google-perftools"
| #define PACKAGE_VERSION "1.8.3"
| #define PACKAGE_STRING "google-perftools 1.8.3"
| #define PACKAGE_BUGREPORT "opensource@google.com"
| #define PACKAGE_URL ""
| #define PACKAGE "google-perftools"
| #define VERSION "1.8.3"
| #define STDC_HEADERS 1
| #define HAVE_SYS_TYPES_H 1
| #define HAVE_SYS_STAT_H 1
| #define HAVE_STDLIB_H 1
| #define HAVE_STRING_H 1
| #define HAVE_MEMORY_H 1
| #define HAVE_STRINGS_H 1
| #define HAVE_INTTYPES_H 1
| #define HAVE_STDINT_H 1
| #define HAVE_UNISTD_H 1
| #define HAVE_DLFCN_H 1
| #define LT_OBJDIR ".libs/"
| #define HAVE___ATTRIBUTE__ 1
| #define STDC_HEADERS 1
| #define HAVE_STRUCT_MALLINFO 1
| #define HAVE_ELF32_VERSYM 1
| #define HAVE_SBRK 1
| #define HAVE_GETEUID 1
| #define HAVE_FEATURES_H 1
| #define HAVE_MALLOC_H 1
| #define HAVE_GLOB_H 1
| #define HAVE_EXECINFO_H 1
| #define HAVE_UNWIND_H 1
| #define HAVE_SCHED_H 1
| #define HAVE_SYS_PRCTL_H 1
| #define HAVE_LINUX_PTRACE_H 1
| #define HAVE_SYS_SYSCALL_H 1
| #define HAVE_SYS_SOCKET_H 1
| #define HAVE_SYS_WAIT_H 1
| #define HAVE_POLL_H 1
| #define HAVE_FCNTL_H 1
| #define HAVE_GRP_H 1
| #define HAVE_PWD_H 1
| #define HAVE_SYS_RESOURCE_H 1
| #define HAVE_SYS_CDEFS_H 1
| #define HAVE_FEATURES_H 1
| #define HAVE_DECL_CFREE 1
| #define HAVE_DECL_POSIX_MEMALIGN 1
| #define HAVE_DECL_MEMALIGN 1
| #define HAVE_DECL_VALLOC 1
| #define HAVE_DECL_PVALLOC 1
| #define HAVE_STDLIB_H 1
| #define HAVE_UNISTD_H 1
| #define HAVE_SYS_PARAM_H 1
| #define HAVE_GETPAGESIZE 1
| #define HAVE_MMAP 1
| #define PRIuS "lu"
| #define PRIxS "lx"
| #define PRIdS "ld"
| /* end confdefs.h.  */
| 
| int
| main ()
| {
| void *sp = __builtin_stack_pointer()
|   ;
|   return 0;
| }
configure:16103: result: no
configure:16110: checking for __environ
configure:16123: gcc -o conftest -g -O2   conftest.c  >&5
configure:16123: $? = 0
configure:16127: result: yes
configure:16140: checking for __thread
configure:16155: gcc -o conftest -g -O2   conftest.c  >&5
configure:16155: $? = 0
configure:16159: result: yes
configure:16169: checking if __malloc_hook is declared volatile
configure:16183: gcc -c -g -O2  conftest.c >&5
conftest.c:63: error: conflicting type qualifiers for '__malloc_hook'
/usr/include/malloc.h:165: note: previous declaration of '__malloc_hook' was here
configure:16183: $? = 1
configure: failed program was:
| /* confdefs.h */
| #define PACKAGE_NAME "google-perftools"
| #define PACKAGE_TARNAME "google-perftools"
| #define PACKAGE_VERSION "1.8.3"
| #define PACKAGE_STRING "google-perftools 1.8.3"
| #define PACKAGE_BUGREPORT "opensource@google.com"
| #define PACKAGE_URL ""
| #define PACKAGE "google-perftools"
| #define VERSION "1.8.3"
| #define STDC_HEADERS 1
| #define HAVE_SYS_TYPES_H 1
| #define HAVE_SYS_STAT_H 1
| #define HAVE_STDLIB_H 1
| #define HAVE_STRING_H 1
| #define HAVE_MEMORY_H 1
| #define HAVE_STRINGS_H 1
| #define HAVE_INTTYPES_H 1
| #define HAVE_STDINT_H 1
| #define HAVE_UNISTD_H 1
| #define HAVE_DLFCN_H 1
| #define LT_OBJDIR ".libs/"
| #define HAVE___ATTRIBUTE__ 1
| #define STDC_HEADERS 1
| #define HAVE_STRUCT_MALLINFO 1
| #define HAVE_ELF32_VERSYM 1
| #define HAVE_SBRK 1
| #define HAVE_GETEUID 1
| #define HAVE_FEATURES_H 1
| #define HAVE_MALLOC_H 1
| #define HAVE_GLOB_H 1
| #define HAVE_EXECINFO_H 1
| #define HAVE_UNWIND_H 1
| #define HAVE_SCHED_H 1
| #define HAVE_SYS_PRCTL_H 1
| #define HAVE_LINUX_PTRACE_H 1
| #define HAVE_SYS_SYSCALL_H 1
| #define HAVE_SYS_SOCKET_H 1
| #define HAVE_SYS_WAIT_H 1
| #define HAVE_POLL_H 1
| #define HAVE_FCNTL_H 1
| #define HAVE_GRP_H 1
| #define HAVE_PWD_H 1
| #define HAVE_SYS_RESOURCE_H 1
| #define HAVE_SYS_CDEFS_H 1
| #define HAVE_FEATURES_H 1
| #define HAVE_DECL_CFREE 1
| #define HAVE_DECL_POSIX_MEMALIGN 1
| #define HAVE_DECL_MEMALIGN 1
| #define HAVE_DECL_VALLOC 1
| #define HAVE_DECL_PVALLOC 1
| #define HAVE_STDLIB_H 1
| #define HAVE_UNISTD_H 1
| #define HAVE_SYS_PARAM_H 1
| #define HAVE_GETPAGESIZE 1
| #define HAVE_MMAP 1
| #define PRIuS "lu"
| #define PRIxS "lx"
| #define PRIdS "ld"
| #define HAVE___ENVIRON 1
| #define HAVE_TLS 1
| /* end confdefs.h.  */
| #include <malloc.h>
| void* (* volatile __malloc_hook)(size_t, const void*) = 0;
| int
| main ()
| {
| 
|   ;
|   return 0;
| }
configure:16192: result: no
configure:16201: checking if nanosleep requires any libraries
configure:16224: gcc -o conftest -g -O2   conftest.c  >&5
configure:16224: $? = 0
configure:16257: result: no
configure:16280: checking whether uname is declared
configure:16280: gcc -c -g -O2  conftest.c >&5
configure:16280: $? = 0
configure:16280: result: yes
configure:16459: checking for the pthreads library -lpthreads
configure:16492: gcc -o conftest -g -O2    conftest.c -lpthreads  >&5
/usr/bin/ld: cannot find -lpthreads
collect2: ld returned 1 exit status
configure:16492: $? = 1
configure: failed program was:
| /* confdefs.h */
| #define PACKAGE_NAME "google-perftools"
| #define PACKAGE_TARNAME "google-perftools"
| #define PACKAGE_VERSION "1.8.3"
| #define PACKAGE_STRING "google-perftools 1.8.3"
| #define PACKAGE_BUGREPORT "opensource@google.com"
| #define PACKAGE_URL ""
| #define PACKAGE "google-perftools"
| #define VERSION "1.8.3"
| #define STDC_HEADERS 1
| #define HAVE_SYS_TYPES_H 1
| #define HAVE_SYS_STAT_H 1
| #define HAVE_STDLIB_H 1
| #define HAVE_STRING_H 1
| #define HAVE_MEMORY_H 1
| #define HAVE_STRINGS_H 1
| #define HAVE_INTTYPES_H 1
| #define HAVE_STDINT_H 1
| #define HAVE_UNISTD_H 1
| #define HAVE_DLFCN_H 1
| #define LT_OBJDIR ".libs/"
| #define HAVE___ATTRIBUTE__ 1
| #define STDC_HEADERS 1
| #define HAVE_STRUCT_MALLINFO 1
| #define HAVE_ELF32_VERSYM 1
| #define HAVE_SBRK 1
| #define HAVE_GETEUID 1
| #define HAVE_FEATURES_H 1
| #define HAVE_MALLOC_H 1
| #define HAVE_GLOB_H 1
| #define HAVE_EXECINFO_H 1
| #define HAVE_UNWIND_H 1
| #define HAVE_SCHED_H 1
| #define HAVE_SYS_PRCTL_H 1
| #define HAVE_LINUX_PTRACE_H 1
| #define HAVE_SYS_SYSCALL_H 1
| #define HAVE_SYS_SOCKET_H 1
| #define HAVE_SYS_WAIT_H 1
| #define HAVE_POLL_H 1
| #define HAVE_FCNTL_H 1
| #define HAVE_GRP_H 1
| #define HAVE_PWD_H 1
| #define HAVE_SYS_RESOURCE_H 1
| #define HAVE_SYS_CDEFS_H 1
| #define HAVE_FEATURES_H 1
| #define HAVE_DECL_CFREE 1
| #define HAVE_DECL_POSIX_MEMALIGN 1
| #define HAVE_DECL_MEMALIGN 1
| #define HAVE_DECL_VALLOC 1
| #define HAVE_DECL_PVALLOC 1
| #define HAVE_STDLIB_H 1
| #define HAVE_UNISTD_H 1
| #define HAVE_SYS_PARAM_H 1
| #define HAVE_GETPAGESIZE 1
| #define HAVE_MMAP 1
| #define PRIuS "lu"
| #define PRIxS "lx"
| #define PRIdS "ld"
| #define HAVE___ENVIRON 1
| #define HAVE_TLS 1
| #define MALLOC_HOOK_MAYBE_VOLATILE /**/
| #define HAVE_DECL_UNAME 1
| /* end confdefs.h.  */
| #include <pthread.h>
| int
| main ()
| {
| pthread_t th; pthread_join(th, 0);
|                      pthread_attr_init(0); pthread_cleanup_push(0, 0);
|                      pthread_create(0,0,0,0); pthread_cleanup_pop(0);
|   ;
|   return 0;
| }
configure:16501: result: no
configure:16404: checking whether pthreads work without any flags
configure:16492: gcc -o conftest -g -O2    conftest.c   >&5
/tmp/ccICWLpQ.o: In function `main':
/home/duhui/github/degobert/soft/google-perftools-1.8.3/conftest.c:68: undefined reference to `pthread_join'
/home/duhui/github/degobert/soft/google-perftools-1.8.3/conftest.c:69: undefined reference to `__pthread_register_cancel'
/home/duhui/github/degobert/soft/google-perftools-1.8.3/conftest.c:70: undefined reference to `pthread_create'
/home/duhui/github/degobert/soft/google-perftools-1.8.3/conftest.c:70: undefined reference to `__pthread_unregister_cancel'
collect2: ld returned 1 exit status
configure:16492: $? = 1
configure: failed program was:
| /* confdefs.h */
| #define PACKAGE_NAME "google-perftools"
| #define PACKAGE_TARNAME "google-perftools"
| #define PACKAGE_VERSION "1.8.3"
| #define PACKAGE_STRING "google-perftools 1.8.3"
| #define PACKAGE_BUGREPORT "opensource@google.com"
| #define PACKAGE_URL ""
| #define PACKAGE "google-perftools"
| #define VERSION "1.8.3"
| #define STDC_HEADERS 1
| #define HAVE_SYS_TYPES_H 1
| #define HAVE_SYS_STAT_H 1
| #define HAVE_STDLIB_H 1
| #define HAVE_STRING_H 1
| #define HAVE_MEMORY_H 1
| #define HAVE_STRINGS_H 1
| #define HAVE_INTTYPES_H 1
| #define HAVE_STDINT_H 1
| #define HAVE_UNISTD_H 1
| #define HAVE_DLFCN_H 1
| #define LT_OBJDIR ".libs/"
| #define HAVE___ATTRIBUTE__ 1
| #define STDC_HEADERS 1
| #define HAVE_STRUCT_MALLINFO 1
| #define HAVE_ELF32_VERSYM 1
| #define HAVE_SBRK 1
| #define HAVE_GETEUID 1
| #define HAVE_FEATURES_H 1
| #define HAVE_MALLOC_H 1
| #define HAVE_GLOB_H 1
| #define HAVE_EXECINFO_H 1
| #define HAVE_UNWIND_H 1
| #define HAVE_SCHED_H 1
| #define HAVE_SYS_PRCTL_H 1
| #define HAVE_LINUX_PTRACE_H 1
| #define HAVE_SYS_SYSCALL_H 1
| #define HAVE_SYS_SOCKET_H 1
| #define HAVE_SYS_WAIT_H 1
| #define HAVE_POLL_H 1
| #define HAVE_FCNTL_H 1
| #define HAVE_GRP_H 1
| #define HAVE_PWD_H 1
| #define HAVE_SYS_RESOURCE_H 1
| #define HAVE_SYS_CDEFS_H 1
| #define HAVE_FEATURES_H 1
| #define HAVE_DECL_CFREE 1
| #define HAVE_DECL_POSIX_MEMALIGN 1
| #define HAVE_DECL_MEMALIGN 1
| #define HAVE_DECL_VALLOC 1
| #define HAVE_DECL_PVALLOC 1
| #define HAVE_STDLIB_H 1
| #define HAVE_UNISTD_H 1
| #define HAVE_SYS_PARAM_H 1
| #define HAVE_GETPAGESIZE 1
| #define HAVE_MMAP 1
| #define PRIuS "lu"
| #define PRIxS "lx"
| #define PRIdS "ld"
| #define HAVE___ENVIRON 1
| #define HAVE_TLS 1
| #define MALLOC_HOOK_MAYBE_VOLATILE /**/
| #define HAVE_DECL_UNAME 1
| /* end confdefs.h.  */
| #include <pthread.h>
| int
| main ()
| {
| pthread_t th; pthread_join(th, 0);
|                      pthread_attr_init(0); pthread_cleanup_push(0, 0);
|                      pthread_create(0,0,0,0); pthread_cleanup_pop(0);
|   ;
|   return 0;
| }
configure:16501: result: no
configure:16409: checking whether pthreads work with -Kthread
configure:16492: gcc -o conftest -g -O2 -Kthread   conftest.c   >&5
gcc: unrecognized option '-Kthread'
/tmp/ccYQJaQS.o: In function `main':
/home/duhui/github/degobert/soft/google-perftools-1.8.3/conftest.c:68: undefined reference to `pthread_join'
/home/duhui/github/degobert/soft/google-perftools-1.8.3/conftest.c:69: undefined reference to `__pthread_register_cancel'
/home/duhui/github/degobert/soft/google-perftools-1.8.3/conftest.c:70: undefined reference to `pthread_create'
/home/duhui/github/degobert/soft/google-perftools-1.8.3/conftest.c:70: undefined reference to `__pthread_unregister_cancel'
collect2: ld returned 1 exit status
configure:16492: $? = 1
configure: failed program was:
| /* confdefs.h */
| #define PACKAGE_NAME "google-perftools"
| #define PACKAGE_TARNAME "google-perftools"
| #define PACKAGE_VERSION "1.8.3"
| #define PACKAGE_STRING "google-perftools 1.8.3"
| #define PACKAGE_BUGREPORT "opensource@google.com"
| #define PACKAGE_URL ""
| #define PACKAGE "google-perftools"
| #define VERSION "1.8.3"
| #define STDC_HEADERS 1
| #define HAVE_SYS_TYPES_H 1
| #define HAVE_SYS_STAT_H 1
| #define HAVE_STDLIB_H 1
| #define HAVE_STRING_H 1
| #define HAVE_MEMORY_H 1
| #define HAVE_STRINGS_H 1
| #define HAVE_INTTYPES_H 1
| #define HAVE_STDINT_H 1
| #define HAVE_UNISTD_H 1
| #define HAVE_DLFCN_H 1
| #define LT_OBJDIR ".libs/"
| #define HAVE___ATTRIBUTE__ 1
| #define STDC_HEADERS 1
| #define HAVE_STRUCT_MALLINFO 1
| #define HAVE_ELF32_VERSYM 1
| #define HAVE_SBRK 1
| #define HAVE_GETEUID 1
| #define HAVE_FEATURES_H 1
| #define HAVE_MALLOC_H 1
| #define HAVE_GLOB_H 1
| #define HAVE_EXECINFO_H 1
| #define HAVE_UNWIND_H 1
| #define HAVE_SCHED_H 1
| #define HAVE_SYS_PRCTL_H 1
| #define HAVE_LINUX_PTRACE_H 1
| #define HAVE_SYS_SYSCALL_H 1
| #define HAVE_SYS_SOCKET_H 1
| #define HAVE_SYS_WAIT_H 1
| #define HAVE_POLL_H 1
| #define HAVE_FCNTL_H 1
| #define HAVE_GRP_H 1
| #define HAVE_PWD_H 1
| #define HAVE_SYS_RESOURCE_H 1
| #define HAVE_SYS_CDEFS_H 1
| #define HAVE_FEATURES_H 1
| #define HAVE_DECL_CFREE 1
| #define HAVE_DECL_POSIX_MEMALIGN 1
| #define HAVE_DECL_MEMALIGN 1
| #define HAVE_DECL_VALLOC 1
| #define HAVE_DECL_PVALLOC 1
| #define HAVE_STDLIB_H 1
| #define HAVE_UNISTD_H 1
| #define HAVE_SYS_PARAM_H 1
| #define HAVE_GETPAGESIZE 1
| #define HAVE_MMAP 1
| #define PRIuS "lu"
| #define PRIxS "lx"
| #define PRIdS "ld"
| #define HAVE___ENVIRON 1
| #define HAVE_TLS 1
| #define MALLOC_HOOK_MAYBE_VOLATILE /**/
| #define HAVE_DECL_UNAME 1
| /* end confdefs.h.  */
| #include <pthread.h>
| int
| main ()
| {
| pthread_t th; pthread_join(th, 0);
|                      pthread_attr_init(0); pthread_cleanup_push(0, 0);
|                      pthread_create(0,0,0,0); pthread_cleanup_pop(0);
|   ;
|   return 0;
| }
configure:16501: result: no
configure:16409: checking whether pthreads work with -kthread
configure:16492: gcc -o conftest -g -O2 -kthread   conftest.c   >&5
gcc: unrecognized option '-kthread'
/tmp/ccQQKGSV.o: In function `main':
/home/duhui/github/degobert/soft/google-perftools-1.8.3/conftest.c:68: undefined reference to `pthread_join'
/home/duhui/github/degobert/soft/google-perftools-1.8.3/conftest.c:69: undefined reference to `__pthread_register_cancel'
/home/duhui/github/degobert/soft/google-perftools-1.8.3/conftest.c:70: undefined reference to `pthread_create'
/home/duhui/github/degobert/soft/google-perftools-1.8.3/conftest.c:70: undefined reference to `__pthread_unregister_cancel'
collect2: ld returned 1 exit status
configure:16492: $? = 1
configure: failed program was:
| /* confdefs.h */
| #define PACKAGE_NAME "google-perftools"
| #define PACKAGE_TARNAME "google-perftools"
| #define PACKAGE_VERSION "1.8.3"
| #define PACKAGE_STRING "google-perftools 1.8.3"
| #define PACKAGE_BUGREPORT "opensource@google.com"
| #define PACKAGE_URL ""
| #define PACKAGE "google-perftools"
| #define VERSION "1.8.3"
| #define STDC_HEADERS 1
| #define HAVE_SYS_TYPES_H 1
| #define HAVE_SYS_STAT_H 1
| #define HAVE_STDLIB_H 1
| #define HAVE_STRING_H 1
| #define HAVE_MEMORY_H 1
| #define HAVE_STRINGS_H 1
| #define HAVE_INTTYPES_H 1
| #define HAVE_STDINT_H 1
| #define HAVE_UNISTD_H 1
| #define HAVE_DLFCN_H 1
| #define LT_OBJDIR ".libs/"
| #define HAVE___ATTRIBUTE__ 1
| #define STDC_HEADERS 1
| #define HAVE_STRUCT_MALLINFO 1
| #define HAVE_ELF32_VERSYM 1
| #define HAVE_SBRK 1
| #define HAVE_GETEUID 1
| #define HAVE_FEATURES_H 1
| #define HAVE_MALLOC_H 1
| #define HAVE_GLOB_H 1
| #define HAVE_EXECINFO_H 1
| #define HAVE_UNWIND_H 1
| #define HAVE_SCHED_H 1
| #define HAVE_SYS_PRCTL_H 1
| #define HAVE_LINUX_PTRACE_H 1
| #define HAVE_SYS_SYSCALL_H 1
| #define HAVE_SYS_SOCKET_H 1
| #define HAVE_SYS_WAIT_H 1
| #define HAVE_POLL_H 1
| #define HAVE_FCNTL_H 1
| #define HAVE_GRP_H 1
| #define HAVE_PWD_H 1
| #define HAVE_SYS_RESOURCE_H 1
| #define HAVE_SYS_CDEFS_H 1
| #define HAVE_FEATURES_H 1
| #define HAVE_DECL_CFREE 1
| #define HAVE_DECL_POSIX_MEMALIGN 1
| #define HAVE_DECL_MEMALIGN 1
| #define HAVE_DECL_VALLOC 1
| #define HAVE_DECL_PVALLOC 1
| #define HAVE_STDLIB_H 1
| #define HAVE_UNISTD_H 1
| #define HAVE_SYS_PARAM_H 1
| #define HAVE_GETPAGESIZE 1
| #define HAVE_MMAP 1
| #define PRIuS "lu"
| #define PRIxS "lx"
| #define PRIdS "ld"
| #define HAVE___ENVIRON 1
| #define HAVE_TLS 1
| #define MALLOC_HOOK_MAYBE_VOLATILE /**/
| #define HAVE_DECL_UNAME 1
| /* end confdefs.h.  */
| #include <pthread.h>
| int
| main ()
| {
| pthread_t th; pthread_join(th, 0);
|                      pthread_attr_init(0); pthread_cleanup_push(0, 0);
|                      pthread_create(0,0,0,0); pthread_cleanup_pop(0);
|   ;
|   return 0;
| }
configure:16501: result: no
configure:16459: checking for the pthreads library -llthread
configure:16492: gcc -o conftest -g -O2    conftest.c -llthread  >&5
/usr/bin/ld: cannot find -llthread
collect2: ld returned 1 exit status
configure:16492: $? = 1
configure: failed program was:
| /* confdefs.h */
| #define PACKAGE_NAME "google-perftools"
| #define PACKAGE_TARNAME "google-perftools"
| #define PACKAGE_VERSION "1.8.3"
| #define PACKAGE_STRING "google-perftools 1.8.3"
| #define PACKAGE_BUGREPORT "opensource@google.com"
| #define PACKAGE_URL ""
| #define PACKAGE "google-perftools"
| #define VERSION "1.8.3"
| #define STDC_HEADERS 1
| #define HAVE_SYS_TYPES_H 1
| #define HAVE_SYS_STAT_H 1
| #define HAVE_STDLIB_H 1
| #define HAVE_STRING_H 1
| #define HAVE_MEMORY_H 1
| #define HAVE_STRINGS_H 1
| #define HAVE_INTTYPES_H 1
| #define HAVE_STDINT_H 1
| #define HAVE_UNISTD_H 1
| #define HAVE_DLFCN_H 1
| #define LT_OBJDIR ".libs/"
| #define HAVE___ATTRIBUTE__ 1
| #define STDC_HEADERS 1
| #define HAVE_STRUCT_MALLINFO 1
| #define HAVE_ELF32_VERSYM 1
| #define HAVE_SBRK 1
| #define HAVE_GETEUID 1
| #define HAVE_FEATURES_H 1
| #define HAVE_MALLOC_H 1
| #define HAVE_GLOB_H 1
| #define HAVE_EXECINFO_H 1
| #define HAVE_UNWIND_H 1
| #define HAVE_SCHED_H 1
| #define HAVE_SYS_PRCTL_H 1
| #define HAVE_LINUX_PTRACE_H 1
| #define HAVE_SYS_SYSCALL_H 1
| #define HAVE_SYS_SOCKET_H 1
| #define HAVE_SYS_WAIT_H 1
| #define HAVE_POLL_H 1
| #define HAVE_FCNTL_H 1
| #define HAVE_GRP_H 1
| #define HAVE_PWD_H 1
| #define HAVE_SYS_RESOURCE_H 1
| #define HAVE_SYS_CDEFS_H 1
| #define HAVE_FEATURES_H 1
| #define HAVE_DECL_CFREE 1
| #define HAVE_DECL_POSIX_MEMALIGN 1
| #define HAVE_DECL_MEMALIGN 1
| #define HAVE_DECL_VALLOC 1
| #define HAVE_DECL_PVALLOC 1
| #define HAVE_STDLIB_H 1
| #define HAVE_UNISTD_H 1
| #define HAVE_SYS_PARAM_H 1
| #define HAVE_GETPAGESIZE 1
| #define HAVE_MMAP 1
| #define PRIuS "lu"
| #define PRIxS "lx"
| #define PRIdS "ld"
| #define HAVE___ENVIRON 1
| #define HAVE_TLS 1
| #define MALLOC_HOOK_MAYBE_VOLATILE /**/
| #define HAVE_DECL_UNAME 1
| /* end confdefs.h.  */
| #include <pthread.h>
| int
| main ()
| {
| pthread_t th; pthread_join(th, 0);
|                      pthread_attr_init(0); pthread_cleanup_push(0, 0);
|                      pthread_create(0,0,0,0); pthread_cleanup_pop(0);
|   ;
|   return 0;
| }
configure:16501: result: no
configure:16409: checking whether pthreads work with -pthread
configure:16492: gcc -o conftest -g -O2 -pthread   conftest.c   >&5
configure:16492: $? = 0
configure:16501: result: yes
configure:16520: checking for joinable pthread attribute
configure:16535: gcc -o conftest -g -O2 -pthread   conftest.c   >&5
configure:16535: $? = 0
configure:16541: result: PTHREAD_CREATE_JOINABLE
configure:16551: checking if more special flags are required for pthreads
configure:16558: result: no
configure:16647: checking whether to check for GCC pthread/shared inconsistencies
configure:16660: gcc -o conftest -shared -fPIC -Wl,-z,defs -g -O2 -pthread   conftest.c   >&5
configure:16660: $? = 0
configure:16672: result: yes
configure:16678: checking whether -pthread is sufficient with -shared
configure:16693: gcc -o conftest -shared -fPIC -Wl,-z,defs -g -O2 -pthread   conftest.c   >&5
configure:16693: $? = 0
configure:16700: result: yes
configure:16788: checking whether what we have so far is sufficient with -nostdlib
configure:16806: gcc -o conftest -nostdlib -shared -fPIC -Wl,-z,defs -g -O2 -pthread   conftest.c   -lc >&5
/tmp/cccZbQM7.o: In function `main':
/home/duhui/github/degobert/soft/google-perftools-1.8.3/conftest.c:68: undefined reference to `pthread_join'
/home/duhui/github/degobert/soft/google-perftools-1.8.3/conftest.c:69: undefined reference to `__pthread_register_cancel'
/home/duhui/github/degobert/soft/google-perftools-1.8.3/conftest.c:70: undefined reference to `pthread_create'
/home/duhui/github/degobert/soft/google-perftools-1.8.3/conftest.c:70: undefined reference to `__pthread_unregister_cancel'
collect2: ld returned 1 exit status
configure:16806: $? = 1
configure: failed program was:
| /* confdefs.h */
| #define PACKAGE_NAME "google-perftools"
| #define PACKAGE_TARNAME "google-perftools"
| #define PACKAGE_VERSION "1.8.3"
| #define PACKAGE_STRING "google-perftools 1.8.3"
| #define PACKAGE_BUGREPORT "opensource@google.com"
| #define PACKAGE_URL ""
| #define PACKAGE "google-perftools"
| #define VERSION "1.8.3"
| #define STDC_HEADERS 1
| #define HAVE_SYS_TYPES_H 1
| #define HAVE_SYS_STAT_H 1
| #define HAVE_STDLIB_H 1
| #define HAVE_STRING_H 1
| #define HAVE_MEMORY_H 1
| #define HAVE_STRINGS_H 1
| #define HAVE_INTTYPES_H 1
| #define HAVE_STDINT_H 1
| #define HAVE_UNISTD_H 1
| #define HAVE_DLFCN_H 1
| #define LT_OBJDIR ".libs/"
| #define HAVE___ATTRIBUTE__ 1
| #define STDC_HEADERS 1
| #define HAVE_STRUCT_MALLINFO 1
| #define HAVE_ELF32_VERSYM 1
| #define HAVE_SBRK 1
| #define HAVE_GETEUID 1
| #define HAVE_FEATURES_H 1
| #define HAVE_MALLOC_H 1
| #define HAVE_GLOB_H 1
| #define HAVE_EXECINFO_H 1
| #define HAVE_UNWIND_H 1
| #define HAVE_SCHED_H 1
| #define HAVE_SYS_PRCTL_H 1
| #define HAVE_LINUX_PTRACE_H 1
| #define HAVE_SYS_SYSCALL_H 1
| #define HAVE_SYS_SOCKET_H 1
| #define HAVE_SYS_WAIT_H 1
| #define HAVE_POLL_H 1
| #define HAVE_FCNTL_H 1
| #define HAVE_GRP_H 1
| #define HAVE_PWD_H 1
| #define HAVE_SYS_RESOURCE_H 1
| #define HAVE_SYS_CDEFS_H 1
| #define HAVE_FEATURES_H 1
| #define HAVE_DECL_CFREE 1
| #define HAVE_DECL_POSIX_MEMALIGN 1
| #define HAVE_DECL_MEMALIGN 1
| #define HAVE_DECL_VALLOC 1
| #define HAVE_DECL_PVALLOC 1
| #define HAVE_STDLIB_H 1
| #define HAVE_UNISTD_H 1
| #define HAVE_SYS_PARAM_H 1
| #define HAVE_GETPAGESIZE 1
| #define HAVE_MMAP 1
| #define PRIuS "lu"
| #define PRIxS "lx"
| #define PRIdS "ld"
| #define HAVE___ENVIRON 1
| #define HAVE_TLS 1
| #define MALLOC_HOOK_MAYBE_VOLATILE /**/
| #define HAVE_DECL_UNAME 1
| /* end confdefs.h.  */
| #include <pthread.h>
| int
| main ()
| {
| pthread_t th; pthread_join(th, 0);
| 	       pthread_attr_init(0); pthread_cleanup_push(0, 0);
| 	       pthread_create(0,0,0,0); pthread_cleanup_pop(0);
|   ;
|   return 0;
| }
configure:16818: result: no
configure:16823: checking whether -lpthread saves the day
configure:16839: gcc -o conftest -nostdlib -shared -fPIC -Wl,-z,defs -g -O2 -pthread   conftest.c -lpthread   -lc >&5
configure:16839: $? = 0
configure:16848: result: yes
configure:16889: checking whether the compiler implements namespaces
configure:16913: g++ -c -g -O2  conftest.cpp >&5
configure:16913: $? = 0
configure:16926: result: yes
configure:16933: checking what namespace STL code is in
configure:16957: g++ -c -g -O2  conftest.cpp >&5
conftest.cpp: In function 'int main()':
conftest.cpp:70: error: 'vector' was not declared in this scope
conftest.cpp:70: error: expected primary-expression before 'int'
conftest.cpp:70: error: expected ';' before 'int'
configure:16957: $? = 1
configure: failed program was:
| /* confdefs.h */
| #define PACKAGE_NAME "google-perftools"
| #define PACKAGE_TARNAME "google-perftools"
| #define PACKAGE_VERSION "1.8.3"
| #define PACKAGE_STRING "google-perftools 1.8.3"
| #define PACKAGE_BUGREPORT "opensource@google.com"
| #define PACKAGE_URL ""
| #define PACKAGE "google-perftools"
| #define VERSION "1.8.3"
| #define STDC_HEADERS 1
| #define HAVE_SYS_TYPES_H 1
| #define HAVE_SYS_STAT_H 1
| #define HAVE_STDLIB_H 1
| #define HAVE_STRING_H 1
| #define HAVE_MEMORY_H 1
| #define HAVE_STRINGS_H 1
| #define HAVE_INTTYPES_H 1
| #define HAVE_STDINT_H 1
| #define HAVE_UNISTD_H 1
| #define HAVE_DLFCN_H 1
| #define LT_OBJDIR ".libs/"
| #define HAVE___ATTRIBUTE__ 1
| #define STDC_HEADERS 1
| #define HAVE_STRUCT_MALLINFO 1
| #define HAVE_ELF32_VERSYM 1
| #define HAVE_SBRK 1
| #define HAVE_GETEUID 1
| #define HAVE_FEATURES_H 1
| #define HAVE_MALLOC_H 1
| #define HAVE_GLOB_H 1
| #define HAVE_EXECINFO_H 1
| #define HAVE_UNWIND_H 1
| #define HAVE_SCHED_H 1
| #define HAVE_SYS_PRCTL_H 1
| #define HAVE_LINUX_PTRACE_H 1
| #define HAVE_SYS_SYSCALL_H 1
| #define HAVE_SYS_SOCKET_H 1
| #define HAVE_SYS_WAIT_H 1
| #define HAVE_POLL_H 1
| #define HAVE_FCNTL_H 1
| #define HAVE_GRP_H 1
| #define HAVE_PWD_H 1
| #define HAVE_SYS_RESOURCE_H 1
| #define HAVE_SYS_CDEFS_H 1
| #define HAVE_FEATURES_H 1
| #define HAVE_DECL_CFREE 1
| #define HAVE_DECL_POSIX_MEMALIGN 1
| #define HAVE_DECL_MEMALIGN 1
| #define HAVE_DECL_VALLOC 1
| #define HAVE_DECL_PVALLOC 1
| #define HAVE_STDLIB_H 1
| #define HAVE_UNISTD_H 1
| #define HAVE_SYS_PARAM_H 1
| #define HAVE_GETPAGESIZE 1
| #define HAVE_MMAP 1
| #define PRIuS "lu"
| #define PRIxS "lx"
| #define PRIdS "ld"
| #define HAVE___ENVIRON 1
| #define HAVE_TLS 1
| #define MALLOC_HOOK_MAYBE_VOLATILE /**/
| #define HAVE_DECL_UNAME 1
| #define HAVE_PTHREAD 1
| #define HAVE_NAMESPACES 1
| /* end confdefs.h.  */
| #include <vector>
| int
| main ()
| {
| vector<int> t; return 0;
|   ;
|   return 0;
| }
configure:16972: g++ -c -g -O2  conftest.cpp >&5
configure:16972: $? = 0
configure:16983: result: std
configure:16998: checking for program_invocation_name
configure:17014: gcc -o conftest -g -O2   conftest.c  >&5
configure:17014: $? = 0
configure:17023: result: yes
configure:17349: creating ./config.status

## ---------------------- ##
## Running config.status. ##
## ---------------------- ##

This file was extended by google-perftools config.status 1.8.3, which was
generated by GNU Autoconf 2.65.  Invocation command line was

  CONFIG_FILES    = 
  CONFIG_HEADERS  = 
  CONFIG_LINKS    = 
  CONFIG_COMMANDS = 
  $ ./config.status 

on localhost.localdomain

config.status:1213: creating Makefile
config.status:1213: creating src/google/tcmalloc.h
config.status:1213: creating src/windows/google/tcmalloc.h
config.status:1213: creating src/config.h
config.status:1426: executing depfiles commands
config.status:1426: executing libtool commands

## ---------------- ##
## Cache variables. ##
## ---------------- ##

ac_cv___attribute__=yes
ac_cv_build=x86_64-unknown-linux-gnu
ac_cv_c_compiler_gnu=yes
ac_cv_c_inline=inline
ac_cv_cxx_compiler_gnu=yes
ac_cv_cxx_namespaces=yes
ac_cv_cxx_stl_namespace=std
ac_cv_env_CCC_set=
ac_cv_env_CCC_value=
ac_cv_env_CC_set=
ac_cv_env_CC_value=
ac_cv_env_CFLAGS_set=
ac_cv_env_CFLAGS_value=
ac_cv_env_CPPFLAGS_set=
ac_cv_env_CPPFLAGS_value=
ac_cv_env_CPP_set=
ac_cv_env_CPP_value=
ac_cv_env_CXXCPP_set=
ac_cv_env_CXXCPP_value=
ac_cv_env_CXXFLAGS_set=
ac_cv_env_CXXFLAGS_value=
ac_cv_env_CXX_set=
ac_cv_env_CXX_value=
ac_cv_env_LDFLAGS_set=
ac_cv_env_LDFLAGS_value=
ac_cv_env_LIBS_set=
ac_cv_env_LIBS_value=
ac_cv_env_build_alias_set=
ac_cv_env_build_alias_value=
ac_cv_env_host_alias_set=
ac_cv_env_host_alias_value=
ac_cv_env_target_alias_set=
ac_cv_env_target_alias_value=
ac_cv_formatting_prius_prefix=l
ac_cv_func_geteuid=yes
ac_cv_func_getpagesize=yes
ac_cv_func_mmap_fixed_mapped=yes
ac_cv_func_sbrk=yes
ac_cv_have_decl_cfree=yes
ac_cv_have_decl_memalign=yes
ac_cv_have_decl_posix_memalign=yes
ac_cv_have_decl_pvalloc=yes
ac_cv_have_decl_uname=yes
ac_cv_have_decl_valloc=yes
ac_cv_have_program_invocation_name=yes
ac_cv_have_struct_mallinfo=1
ac_cv_header_conflict_signal_h=no
ac_cv_header_dlfcn_h=yes
ac_cv_header_execinfo_h=yes
ac_cv_header_fcntl_h=yes
ac_cv_header_features_h=yes
ac_cv_header_glob_h=yes
ac_cv_header_grp_h=yes
ac_cv_header_inttypes_h=yes
ac_cv_header_libunwind_h=no
ac_cv_header_linux_ptrace_h=yes
ac_cv_header_malloc_h=yes
ac_cv_header_malloc_malloc_h=no
ac_cv_header_memory_h=yes
ac_cv_header_poll_h=yes
ac_cv_header_pwd_h=yes
ac_cv_header_sched_h=yes
ac_cv_header_stdc=yes
ac_cv_header_stdint_h=yes
ac_cv_header_stdlib_h=yes
ac_cv_header_string_h=yes
ac_cv_header_strings_h=yes
ac_cv_header_sys_cdefs_h=yes
ac_cv_header_sys_malloc_h=no
ac_cv_header_sys_param_h=yes
ac_cv_header_sys_prctl_h=yes
ac_cv_header_sys_resource_h=yes
ac_cv_header_sys_socket_h=yes
ac_cv_header_sys_stat_h=yes
ac_cv_header_sys_syscall_h=yes
ac_cv_header_sys_types_h=yes
ac_cv_header_sys_wait_h=yes
ac_cv_header_unistd_h=yes
ac_cv_header_unwind_h=yes
ac_cv_header_valgrind_h=no
ac_cv_host=x86_64-unknown-linux-gnu
ac_cv_install_prefix=/home/duhui/github/degobert/soft/tcmalloc
ac_cv_lib_unwind_backtrace=no
ac_cv_objext=o
ac_cv_path_EGREP='/bin/grep -E'
ac_cv_path_FGREP='/bin/grep -F'
ac_cv_path_GREP=/bin/grep
ac_cv_path_SED=/bin/sed
ac_cv_path_install='/usr/bin/install -c'
ac_cv_prius_defined=1
ac_cv_prog_AWK=gawk
ac_cv_prog_CPP='gcc -E'
ac_cv_prog_CXXCPP='g++ -E'
ac_cv_prog_ac_ct_AR=ar
ac_cv_prog_ac_ct_CC=gcc
ac_cv_prog_ac_ct_CXX=g++
ac_cv_prog_ac_ct_OBJCOPY=objcopy
ac_cv_prog_ac_ct_OBJDUMP=objdump
ac_cv_prog_ac_ct_RANLIB=ranlib
ac_cv_prog_ac_ct_STRIP=strip
ac_cv_prog_cc_c89=
ac_cv_prog_cc_g=yes
ac_cv_prog_cc_gcc_c_o=yes
ac_cv_prog_cxx_g=yes
ac_cv_prog_make_make_set=yes
ac_cv_type_Elf32_Versym=yes
ac_cv_type___int64=no
ac_cv_type_struct_mallinfo=yes
am_cv_CC_dependencies_compiler_type=gcc3
am_cv_CXX_dependencies_compiler_type=gcc3
gpt_cv_objcopy_weaken=yes
lt_cv_deplibs_check_method=pass_all
lt_cv_file_magic_cmd='$MAGIC_CMD'
lt_cv_file_magic_test_file=
lt_cv_ld_reload_flag=-r
lt_cv_nm_interface='BSD nm'
lt_cv_objdir=.libs
lt_cv_path_LD=/usr/bin/ld
lt_cv_path_LDCXX='/usr/bin/ld -m elf_x86_64'
lt_cv_path_NM='/usr/bin/nm -B'
lt_cv_prog_compiler_c_o=yes
lt_cv_prog_compiler_c_o_CXX=yes
lt_cv_prog_compiler_pic_works=yes
lt_cv_prog_compiler_pic_works_CXX=yes
lt_cv_prog_compiler_rtti_exceptions=no
lt_cv_prog_compiler_static_works=no
lt_cv_prog_compiler_static_works_CXX=no
lt_cv_prog_gnu_ld=yes
lt_cv_prog_gnu_ldcxx=yes
lt_cv_sys_global_symbol_pipe='sed -n -e '\''s/^.*[	 ]\([ABCDGIRSTW][ABCDGIRSTW]*\)[	 ][	 ]*\([_A-Za-z][_A-Za-z0-9]*\)$/\1 \2 \2/p'\'''
lt_cv_sys_global_symbol_to_c_name_address='sed -n -e '\''s/^: \([^ ]*\) $/  {\"\1\", (void *) 0},/p'\'' -e '\''s/^[ABCDGIRSTW]* \([^ ]*\) \([^ ]*\)$/  {"\2", (void *) \&\2},/p'\'''
lt_cv_sys_global_symbol_to_c_name_address_lib_prefix='sed -n -e '\''s/^: \([^ ]*\) $/  {\"\1\", (void *) 0},/p'\'' -e '\''s/^[ABCDGIRSTW]* \([^ ]*\) \(lib[^ ]*\)$/  {"\2", (void *) \&\2},/p'\'' -e '\''s/^[ABCDGIRSTW]* \([^ ]*\) \([^ ]*\)$/  {"lib\2", (void *) \&\2},/p'\'''
lt_cv_sys_global_symbol_to_cdecl='sed -n -e '\''s/^T .* \(.*\)$/extern int \1();/p'\'' -e '\''s/^[ABCDGIRSTW]* .* \(.*\)$/extern char \1;/p'\'''
lt_cv_sys_max_cmd_len=1966080
perftools_cv_w_no_unused_result=yes

## ----------------- ##
## Output variables. ##
## ----------------- ##

ACLOCAL='${SHELL} /home/duhui/github/degobert/soft/google-perftools-1.8.3/missing --run aclocal-1.9'
AMDEPBACKSLASH='\'
AMDEP_FALSE='#'
AMDEP_TRUE=''
AMTAR='${SHELL} /home/duhui/github/degobert/soft/google-perftools-1.8.3/missing --run tar'
AR='ar'
AUTOCONF='${SHELL} /home/duhui/github/degobert/soft/google-perftools-1.8.3/missing --run autoconf'
AUTOHEADER='${SHELL} /home/duhui/github/degobert/soft/google-perftools-1.8.3/missing --run autoheader'
AUTOMAKE='${SHELL} /home/duhui/github/degobert/soft/google-perftools-1.8.3/missing --run automake-1.9'
AWK='gawk'
CC='gcc'
CCDEPMODE='depmode=gcc3'
CFLAGS='-g -O2'
CPP='gcc -E'
CPPFLAGS=''
CXX='g++'
CXXCPP='g++ -E'
CXXDEPMODE='depmode=gcc3'
CXXFLAGS='-g -O2'
CYGPATH_W='echo'
DEFS='-DHAVE_CONFIG_H'
DEPDIR='.deps'
DSYMUTIL=''
DUMPBIN=''
ECHO_C=''
ECHO_N='-n'
ECHO_T=''
EGREP='/bin/grep -E'
ENABLE_FRAME_POINTERS_FALSE=''
ENABLE_FRAME_POINTERS_TRUE='#'
ENABLE_STATIC_FALSE='#'
ENABLE_STATIC_TRUE=''
EXEEXT=''
FGREP='/bin/grep -F'
GCC_FALSE='#'
GCC_TRUE=''
GREP='/bin/grep'
HAVE_OBJCOPY_WEAKEN_FALSE='#'
HAVE_OBJCOPY_WEAKEN_TRUE=''
HAVE_W_NO_UNUSED_RESULT_FALSE='#'
HAVE_W_NO_UNUSED_RESULT_TRUE=''
INSTALL_DATA='${INSTALL} -m 644'
INSTALL_PROGRAM='${INSTALL}'
INSTALL_SCRIPT='${INSTALL}'
INSTALL_STRIP_PROGRAM='${SHELL} $(install_sh) -c -s'
LD='/usr/bin/ld -m elf_x86_64'
LDFLAGS=''
LIBOBJS=''
LIBS=''
LIBSTDCXX_LA_LINKER_FLAG=''
LIBTOOL='$(SHELL) $(top_builddir)/libtool'
LIBTOOL_DEPS='./ltmain.sh'
LIPO=''
LN_S='ln -s'
LTLIBOBJS=''
MAKEINFO='${SHELL} /home/duhui/github/degobert/soft/google-perftools-1.8.3/missing --run makeinfo'
MINGW_FALSE=''
MINGW_TRUE='#'
NANOSLEEP_LIBS=''
NM='/usr/bin/nm -B'
NMEDIT=''
OBJCOPY='objcopy'
OBJDUMP='objdump'
OBJEXT='o'
OSX_FALSE=''
OSX_TRUE='#'
OTOOL64=''
OTOOL=''
PACKAGE='google-perftools'
PACKAGE_BUGREPORT='opensource@google.com'
PACKAGE_NAME='google-perftools'
PACKAGE_STRING='google-perftools 1.8.3'
PACKAGE_TARNAME='google-perftools'
PACKAGE_URL=''
PACKAGE_VERSION='1.8.3'
PATH_SEPARATOR=':'
PROFILER_SO_VERSION='1:2:1'
PTHREAD_CC='gcc'
PTHREAD_CFLAGS='-pthread'
PTHREAD_LIBS=' -lpthread'
RANLIB='ranlib'
SED='/bin/sed'
SET_MAKE=''
SHELL='/bin/sh'
STRIP='strip'
TCMALLOC_SO_VERSION='2:2:2'
TC_VERSION_MAJOR='1'
TC_VERSION_MINOR='8'
TC_VERSION_PATCH='.3'
UNWIND_LIBS=''
USE_LIBTOOL_FALSE='#'
USE_LIBTOOL_TRUE=''
VERSION='1.8.3'
WITH_CPU_PROFILER_FALSE=''
WITH_CPU_PROFILER_TRUE='#'
WITH_DEBUGALLOC_FALSE=''
WITH_DEBUGALLOC_TRUE='#'
WITH_HEAP_CHECKER_FALSE=''
WITH_HEAP_CHECKER_TRUE='#'
WITH_HEAP_PROFILER_FALSE=''
WITH_HEAP_PROFILER_OR_CHECKER_FALSE=''
WITH_HEAP_PROFILER_OR_CHECKER_TRUE='#'
WITH_HEAP_PROFILER_TRUE='#'
WITH_STACK_TRACE_FALSE=''
WITH_STACK_TRACE_TRUE='#'
X86_64_AND_NO_FP_BY_DEFAULT_FALSE='#'
X86_64_AND_NO_FP_BY_DEFAULT_TRUE=''
ac_ct_CC='gcc'
ac_ct_CXX='g++'
ac_ct_DUMPBIN=''
ac_cv_have_struct_mallinfo='1'
acx_pthread_config=''
am__fastdepCC_FALSE='#'
am__fastdepCC_TRUE=''
am__fastdepCXX_FALSE='#'
am__fastdepCXX_TRUE=''
am__include='include'
am__leading_dot='.'
am__quote=''
am__tar='${AMTAR} chof - "$$tardir"'
am__untar='${AMTAR} xf -'
bindir='${exec_prefix}/bin'
build='x86_64-unknown-linux-gnu'
build_alias=''
build_cpu='x86_64'
build_os='linux-gnu'
build_vendor='unknown'
datadir='${datarootdir}'
datarootdir='${prefix}/share'
docdir='${datarootdir}/doc/${PACKAGE_TARNAME}'
dvidir='${docdir}'
exec_prefix='${prefix}'
host='x86_64-unknown-linux-gnu'
host_alias=''
host_cpu='x86_64'
host_os='linux-gnu'
host_vendor='unknown'
htmldir='${docdir}'
includedir='${prefix}/include'
infodir='${datarootdir}/info'
install_sh='/home/duhui/github/degobert/soft/google-perftools-1.8.3/install-sh'
libdir='${exec_prefix}/lib'
libexecdir='${exec_prefix}/libexec'
localedir='${datarootdir}/locale'
localstatedir='${prefix}/var'
lt_ECHO='echo'
mandir='${datarootdir}/man'
mkdir_p='mkdir -p --'
oldincludedir='/usr/include'
pdfdir='${docdir}'
prefix='/home/duhui/github/degobert/soft/tcmalloc'
program_transform_name='s,x,x,'
psdir='${docdir}'
sbindir='${exec_prefix}/sbin'
sharedstatedir='${prefix}/com'
sysconfdir='${prefix}/etc'
target_alias=''

## ----------- ##
## confdefs.h. ##
## ----------- ##

/* confdefs.h */
#define PACKAGE_NAME "google-perftools"
#define PACKAGE_TARNAME "google-perftools"
#define PACKAGE_VERSION "1.8.3"
#define PACKAGE_STRING "google-perftools 1.8.3"
#define PACKAGE_BUGREPORT "opensource@google.com"
#define PACKAGE_URL ""
#define PACKAGE "google-perftools"
#define VERSION "1.8.3"
#define STDC_HEADERS 1
#define HAVE_SYS_TYPES_H 1
#define HAVE_SYS_STAT_H 1
#define HAVE_STDLIB_H 1
#define HAVE_STRING_H 1
#define HAVE_MEMORY_H 1
#define HAVE_STRINGS_H 1
#define HAVE_INTTYPES_H 1
#define HAVE_STDINT_H 1
#define HAVE_UNISTD_H 1
#define HAVE_DLFCN_H 1
#define LT_OBJDIR ".libs/"
#define HAVE___ATTRIBUTE__ 1
#define STDC_HEADERS 1
#define HAVE_STRUCT_MALLINFO 1
#define HAVE_ELF32_VERSYM 1
#define HAVE_SBRK 1
#define HAVE_GETEUID 1
#define HAVE_FEATURES_H 1
#define HAVE_MALLOC_H 1
#define HAVE_GLOB_H 1
#define HAVE_EXECINFO_H 1
#define HAVE_UNWIND_H 1
#define HAVE_SCHED_H 1
#define HAVE_SYS_PRCTL_H 1
#define HAVE_LINUX_PTRACE_H 1
#define HAVE_SYS_SYSCALL_H 1
#define HAVE_SYS_SOCKET_H 1
#define HAVE_SYS_WAIT_H 1
#define HAVE_POLL_H 1
#define HAVE_FCNTL_H 1
#define HAVE_GRP_H 1
#define HAVE_PWD_H 1
#define HAVE_SYS_RESOURCE_H 1
#define HAVE_SYS_CDEFS_H 1
#define HAVE_FEATURES_H 1
#define HAVE_DECL_CFREE 1
#define HAVE_DECL_POSIX_MEMALIGN 1
#define HAVE_DECL_MEMALIGN 1
#define HAVE_DECL_VALLOC 1
#define HAVE_DECL_PVALLOC 1
#define HAVE_STDLIB_H 1
#define HAVE_UNISTD_H 1
#define HAVE_SYS_PARAM_H 1
#define HAVE_GETPAGESIZE 1
#define HAVE_MMAP 1
#define PRIuS "lu"
#define PRIxS "lx"
#define PRIdS "ld"
#define HAVE___ENVIRON 1
#define HAVE_TLS 1
#define MALLOC_HOOK_MAYBE_VOLATILE /**/
#define HAVE_DECL_UNAME 1
#define HAVE_PTHREAD 1
#define HAVE_NAMESPACES 1
#define STL_NAMESPACE std
#define HAVE_PROGRAM_INVOCATION_NAME 1
#define INSTALL_PREFIX "/home/duhui/github/degobert/soft/tcmalloc"
#define PERFTOOLS_DLL_DECL /**/

configure: exit 0
